<?xml version="1.0" encoding="utf-8"?>
<TestRun id="c5c835ec-9e5d-497b-8833-727553b944ac" name="joaop@JP 2026-07-08 14:03:26" runUser="JP\joaop" xmlns="http://microsoft.com/schemas/VisualStudio/TeamTest/2010">
  <Times creation="2026-07-08T14:03:26.9189711-03:00" queuing="2026-07-08T14:03:26.9189713-03:00" start="2026-07-08T14:03:25.5596689-03:00" finish="2026-07-08T14:03:32.1078565-03:00" />
  <TestSettings name="default" id="3e184f3d-dfb5-49d9-8530-1445ff856786">
    <Deployment runDeploymentRoot="joaop_JP_2026-07-08_14_03_26" />
  </TestSettings>
  <Results>
    <UnitTestResult executionId="8de56815-fbad-4d75-9a92-ac10dc3bc3e2" testId="bb52ea81-f989-207e-beca-9f044170ef88" testName="RakionServer.World.Tests.BotProfileTests.Constructor_AppliesProfileHp" computerName="JP" duration="00:00:00.0001566" startTime="2026-07-08T14:03:26.8959615-03:00" endTime="2026-07-08T14:03:26.8959615-03:00" testType="13cdc9d9-ddb5-4fa4-a97d-d965ccfc6d4b" outcome="Passed" testListId="8c84fa94-04c1-424b-9868-57a2d4851a1d" relativeResultsDirectory="8de56815-fbad-4d75-9a92-ac10dc3bc3e2" />
    <UnitTestResult executionId="0b532ebb-5a3f-40de-817f-39eadc67cae1" testId="5c1032e8-9ea1-984c-8a61-5df64f8106f5" testName="RakionServer.World.Tests.EnchantConfigTests.DowngradeFactor_ByLevel(level: 10, expected: 0,29999999999999999)" computerName="JP" duration="00:00:00.0000032" startTime="2026-07-08T14:03:26.8984031-03:00" endTime="2026-07-08T14:03:26.8984032-03:00" testType="13cdc9d9-ddb5-4fa4-a97d-d965ccfc6d4b" outcome="Passed" testListId="8c84fa94-04c1-424b-9868-57a2d4851a1d" relativeResultsDirectory="0b532ebb-5a3f-40de-817f-39eadc67cae1" />
    <UnitTestResult executionId="195ffa19-f0b7-4383-9894-c240c0d9f956" testId="c587a54c-4f6e-7ce1-da70-088f675b3e73" testName="RakionServer.World.Tests.BotProfileTests.AddBot_ThreadsDifficultyIntoBot" computerName="JP" duration="00:00:00.0035512" startTime="2026-07-08T14:03:26.8942076-03:00" endTime="2026-07-08T14:03:26.8942077-03:00" testType="13cdc9d9-ddb5-4fa4-a97d-d965ccfc6d4b" outcome="Passed" testListId="8c84fa94-04c1-424b-9868-57a2d4851a1d" relativeResultsDirectory="195ffa19-f0b7-4383-9894-c240c0d9f956" />
    <UnitTestResult executionId="9a7844f6-ed34-4cb9-9bce-2f76021836e0" testId="c7bf22ec-47a6-74e4-0cd0-657aeedac764" testName="RakionServer.World.Tests.PeerStreamTests.ReliableStream_OnPush_EmitsVerbatimEchoAck" computerName="JP" duration="00:00:00.0003943" startTime="2026-07-08T14:03:26.9019871-03:00" endTime="2026-07-08T14:03:26.9019872-03:00" testType="13cdc9d9-ddb5-4fa4-a97d-d965ccfc6d4b" outcome="Passed" testListId="8c84fa94-04c1-424b-9868-57a2d4851a1d" relativeResultsDirectory="9a7844f6-ed34-4cb9-9bce-2f76021836e0" />
    <UnitTestResult executionId="09874e85-020d-4899-9b89-b6ab11b59b30" testId="ef8efb7d-077c-89c1-54ca-da759e45b33e" testName="RakionServer.World.Tests.PeerStreamTests.WireFrames_KeepAlive_Is7Bytes" computerName="JP" duration="00:00:00.0024518" startTime="2026-07-08T14:03:26.8942166-03:00" endTime="2026-07-08T14:03:26.8942166-03:00" testType="13cdc9d9-ddb5-4fa4-a97d-d965ccfc6d4b" outcome="Passed" testListId="8c84fa94-04c1-424b-9868-57a2d4851a1d" relativeResultsDirectory="09874e85-020d-4899-9b89-b6ab11b59b30" />
    <UnitTestResult executionId="b4f26e04-2bb5-462a-8664-ef8dbf9b95ca" testId="c52e6719-92a9-74e2-ac2a-9a75879985e3" testName="RakionServer.World.Tests.BuddyFrameGoldenTests.UserState_Offline_NoAddressBlock" computerName="JP" duration="00:00:00.0009302" startTime="2026-07-08T14:03:26.8934268-03:00" endTime="2026-07-08T14:03:26.8934268-03:00" testType="13cdc9d9-ddb5-4fa4-a97d-d965ccfc6d4b" outcome="Passed" testListId="8c84fa94-04c1-424b-9868-57a2d4851a1d" relativeResultsDirectory="b4f26e04-2bb5-462a-8664-ef8dbf9b95ca" />
    <UnitTestResult executionId="937e99ca-1a4d-47b4-a523-ae6051f9d330" testId="67ea9907-cc35-8c17-6afb-ac6a8f5ce8a7" testName="RakionServer.World.Tests.LobbyFrameGoldenTests.SpawnAck_RealLen3_ZeroPad" computerName="JP" duration="00:00:00.0001782" startTime="2026-07-08T14:03:26.8941547-03:00" endTime="2026-07-08T14:03:26.8941547-03:00" testType="13cdc9d9-ddb5-4fa4-a97d-d965ccfc6d4b" outcome="Passed" testListId="8c84fa94-04c1-424b-9868-57a2d4851a1d" relativeResultsDirectory="937e99ca-1a4d-47b4-a523-ae6051f9d330" />
    <UnitTestResult executionId="c73cf704-c592-46ed-99b3-87a3c87c7459" testId="22272817-863e-28ce-96fb-369c608142c9" testName="RakionServer.World.Tests.BotLifecycleTests.PatrolStep_MovesZ_AndInvertsAtBounds" computerName="JP" duration="00:00:00.0002731" startTime="2026-07-08T14:03:26.9071197-03:00" endTime="2026-07-08T14:03:26.9071198-03:00" testType="13cdc9d9-ddb5-4fa4-a97d-d965ccfc6d4b" outcome="Passed" testListId="8c84fa94-04c1-424b-9868-57a2d4851a1d" relativeResultsDirectory="c73cf704-c592-46ed-99b3-87a3c87c7459" />
    <UnitTestResult executionId="87c954a8-e2ea-45f7-9d9b-6610f0850443" testId="c7099323-0f65-b971-a2b6-c2929d4e156e" testName="RakionServer.World.Tests.EnchantConfigTests.DowngradeFactor_ByLevel(level: 6, expected: 0,29999999999999999)" computerName="JP" duration="00:00:00.0000040" startTime="2026-07-08T14:03:26.8988541-03:00" endTime="2026-07-08T14:03:26.8988542-03:00" testType="13cdc9d9-ddb5-4fa4-a97d-d965ccfc6d4b" outcome="Passed" testListId="8c84fa94-04c1-424b-9868-57a2d4851a1d" relativeResultsDirectory="87c954a8-e2ea-45f7-9d9b-6610f0850443" />
    <UnitTestResult executionId="ca33c2b4-c24a-4e69-9cde-db37286ad45b" testId="e2faabd9-2c52-a4a3-95b0-c00dd7150e6b" testName="RakionServer.World.Tests.PeerCodecTests.Enum_MatchesSourceOrdinals(type: ReqCrcCheck, expected: 12)" computerName="JP" duration="00:00:00.0000016" startTime="2026-07-08T14:03:26.9012732-03:00" endTime="2026-07-08T14:03:26.9012732-03:00" testType="13cdc9d9-ddb5-4fa4-a97d-d965ccfc6d4b" outcome="Passed" testListId="8c84fa94-04c1-424b-9868-57a2d4851a1d" relativeResultsDirectory="ca33c2b4-c24a-4e69-9cde-db37286ad45b" />
    <UnitTestResult executionId="06587055-a2a0-4609-a770-09bac500bfe8" testId="42c7f8cd-e5a6-ce3a-b06a-343b888c9cfb" testName="RakionServer.World.Tests.EnchantConfigTests.DowngradeFactor_ByLevel(level: 0, expected: 0)" computerName="JP" duration="00:00:00.0000055" startTime="2026-07-08T14:03:26.8983238-03:00" endTime="2026-07-08T14:03:26.8983238-03:00" testType="13cdc9d9-ddb5-4fa4-a97d-d965ccfc6d4b" outcome="Passed" testListId="8c84fa94-04c1-424b-9868-57a2d4851a1d" relativeResultsDirectory="06587055-a2a0-4609-a770-09bac500bfe8" />
    <UnitTestResult executionId="774b6c5c-c12a-46bb-b7fd-838291eee250" testId="a52ac379-3e17-20cf-892f-d80daf5a9331" testName="RakionServer.World.Tests.RoundEndWireTests.EndRound_Team0Wins_WireWinnerIs1" computerName="JP" duration="00:00:00.0001928" startTime="2026-07-08T14:03:26.8966323-03:00" endTime="2026-07-08T14:03:26.8966323-03:00" testType="13cdc9d9-ddb5-4fa4-a97d-d965ccfc6d4b" outcome="Passed" testListId="8c84fa94-04c1-424b-9868-57a2d4851a1d" relativeResultsDirectory="774b6c5c-c12a-46bb-b7fd-838291eee250" />
    <UnitTestResult executionId="bdb456ea-497b-4d97-9f39-80ac86a41433" testId="0826ada6-b55a-675e-71a8-25c3469a95b8" testName="RakionServer.World.Tests.BotLifecycleTests.ResolveBotHitByHuman_KillsBotInRange" computerName="JP" duration="00:00:00.0094008" startTime="2026-07-08T14:03:26.9006009-03:00" endTime="2026-07-08T14:03:26.9006010-03:00" testType="13cdc9d9-ddb5-4fa4-a97d-d965ccfc6d4b" outcome="Passed" testListId="8c84fa94-04c1-424b-9868-57a2d4851a1d" relativeResultsDirectory="bdb456ea-497b-4d97-9f39-80ac86a41433" />
    <UnitTestResult executionId="83add3eb-d8de-4f21-b92e-40fa5c7ccbca" testId="66e0b372-1d50-6035-e9d7-6ad6d8467818" testName="RakionServer.World.Tests.BotLockstepTests.Push_do_joiner_bate_com_a_captura_l16" computerName="JP" duration="00:00:00.0001830" startTime="2026-07-08T14:03:26.8932251-03:00" endTime="2026-07-08T14:03:26.8932252-03:00" testType="13cdc9d9-ddb5-4fa4-a97d-d965ccfc6d4b" outcome="Passed" testListId="8c84fa94-04c1-424b-9868-57a2d4851a1d" relativeResultsDirectory="83add3eb-d8de-4f21-b92e-40fa5c7ccbca" />
    <UnitTestResult executionId="88ea97eb-befe-476e-851a-b5bf2e7a2f00" testId="c7640a32-970b-103d-3e55-daee0ae62b77" testName="RakionServer.World.Tests.BotProfileTests.Parse_RecognizesDifficultyTokens(cmd: &quot;/addbot dificil 2&quot;, expected: Hard)" computerName="JP" duration="00:00:00.0000125" startTime="2026-07-08T14:03:26.8952426-03:00" endTime="2026-07-08T14:03:26.8952427-03:00" testType="13cdc9d9-ddb5-4fa4-a97d-d965ccfc6d4b" outcome="Passed" testListId="8c84fa94-04c1-424b-9868-57a2d4851a1d" relativeResultsDirectory="88ea97eb-befe-476e-851a-b5bf2e7a2f00" />
    <UnitTestResult executionId="3fb8ce52-deee-4797-8a40-91ac11e9090f" testId="788f6ca4-d98f-7bc4-6962-c880b78ce0fd" testName="RakionServer.World.Tests.PeerCodecTests.Enum_MatchesSourceOrdinals(type: ReqCrcList, expected: 11)" computerName="JP" duration="00:00:00.0000016" startTime="2026-07-08T14:03:26.9012410-03:00" endTime="2026-07-08T14:03:26.9012411-03:00" testType="13cdc9d9-ddb5-4fa4-a97d-d965ccfc6d4b" outcome="Passed" testListId="8c84fa94-04c1-424b-9868-57a2d4851a1d" relativeResultsDirectory="3fb8ce52-deee-4797-8a40-91ac11e9090f" />
    <UnitTestResult executionId="c0c5ae96-b72e-45e9-9f09-2fb13663d9fa" testId="16fc5441-d84b-5039-9005-010dc3c37381" testName="RakionServer.World.Tests.BotLifecycleTests.Respawn_RestoresHp_AndRevivesInPlace" computerName="JP" duration="00:00:00.0001826" startTime="2026-07-08T14:03:26.9051550-03:00" endTime="2026-07-08T14:03:26.9051550-03:00" testType="13cdc9d9-ddb5-4fa4-a97d-d965ccfc6d4b" outcome="Passed" testListId="8c84fa94-04c1-424b-9868-57a2d4851a1d" relativeResultsDirectory="c0c5ae96-b72e-45e9-9f09-2fb13663d9fa" />
    <UnitTestResult executionId="431eef5d-2746-4c3e-9fac-bab830a70f42" testId="f6dd2fac-d3ac-f43e-40d6-698588352840" testName="RakionServer.World.Tests.LobbyFrameGoldenTests.MatchEnd_MatchesOriginal" computerName="JP" duration="00:00:00.0001849" startTime="2026-07-08T14:03:26.9036414-03:00" endTime="2026-07-08T14:03:26.9036414-03:00" testType="13cdc9d9-ddb5-4fa4-a97d-d965ccfc6d4b" outcome="Passed" testListId="8c84fa94-04c1-424b-9868-57a2d4851a1d" relativeResultsDirectory="431eef5d-2746-4c3e-9fac-bab830a70f42" />
    <UnitTestResult executionId="0a9dc570-c921-43d6-bd8a-e5b9fbd8055f" testId="2f1a38ca-90a5-3cbf-cbc0-e6026978c0b4" testName="RakionServer.World.Tests.BotProfileTests.Parse_RecognizesDifficultyTokens(cmd: &quot;/addbot easy&quot;, expected: Easy)" computerName="JP" duration="00:00:00.0000031" startTime="2026-07-08T14:03:26.8952847-03:00" endTime="2026-07-08T14:03:26.8952847-03:00" testType="13cdc9d9-ddb5-4fa4-a97d-d965ccfc6d4b" outcome="Passed" testListId="8c84fa94-04c1-424b-9868-57a2d4851a1d" relativeResultsDirectory="0a9dc570-c921-43d6-bd8a-e5b9fbd8055f" />
    <UnitTestResult executionId="983a9545-37cc-43db-9229-360cf4637f71" testId="cb70ec51-adc1-c9f5-cf96-38691238d322" testName="RakionServer.World.Tests.LobbyFrameGoldenTests.FieldInvitation_IsDomainSourced" computerName="JP" duration="00:00:00.0004085" startTime="2026-07-08T14:03:26.9056213-03:00" endTime="2026-07-08T14:03:26.9056213-03:00" testType="13cdc9d9-ddb5-4fa4-a97d-d965ccfc6d4b" outcome="Passed" testListId="8c84fa94-04c1-424b-9868-57a2d4851a1d" relativeResultsDirectory="983a9545-37cc-43db-9229-360cf4637f71" />
    <UnitTestResult executionId="bf9464da-feb6-4997-b6cc-63e3ffbd9b96" testId="7aa8cb76-8ca0-2d38-b8ca-75076d793ed0" testName="RakionServer.World.Tests.LobbyFrameGoldenTests.SessionInfo_LongName_NotTruncated" computerName="JP" duration="00:00:00.0000879" startTime="2026-07-08T14:03:26.9041521-03:00" endTime="2026-07-08T14:03:26.9041521-03:00" testType="13cdc9d9-ddb5-4fa4-a97d-d965ccfc6d4b" outcome="Passed" testListId="8c84fa94-04c1-424b-9868-57a2d4851a1d" relativeResultsDirectory="bf9464da-feb6-4997-b6cc-63e3ffbd9b96" />
    <UnitTestResult executionId="a6d44d86-dcad-491b-a343-1bf99c32bd6c" testId="cdf86fd5-bc33-43bd-b9d9-5ec310bf1df8" testName="RakionServer.World.Tests.EnchantConfigTests.DowngradeFactor_ByLevel(level: 2, expected: 0)" computerName="JP" duration="00:00:00.0001399" startTime="2026-07-08T14:03:26.8981886-03:00" endTime="2026-07-08T14:03:26.8981886-03:00" testType="13cdc9d9-ddb5-4fa4-a97d-d965ccfc6d4b" outcome="Passed" testListId="8c84fa94-04c1-424b-9868-57a2d4851a1d" relativeResultsDirectory="a6d44d86-dcad-491b-a343-1bf99c32bd6c" />
    <UnitTestResult executionId="1f20be9e-1058-44d1-9003-f63db8b711b1" testId="19252740-7a72-193f-89a3-6618fbdd2c96" testName="RakionServer.World.Tests.PeerCodecTests.Enum_MatchesSourceOrdinals(type: SyncCheck, expected: 19)" computerName="JP" duration="00:00:00.0000015" startTime="2026-07-08T14:03:26.9018911-03:00" endTime="2026-07-08T14:03:26.9018911-03:00" testType="13cdc9d9-ddb5-4fa4-a97d-d965ccfc6d4b" outcome="Passed" testListId="8c84fa94-04c1-424b-9868-57a2d4851a1d" relativeResultsDirectory="1f20be9e-1058-44d1-9003-f63db8b711b1" />
    <UnitTestResult executionId="2f9fedaa-8de8-49fd-8e86-0655c48ae90c" testId="f127d252-6247-752f-b899-d6866a4883bd" testName="RakionServer.World.Tests.PeerStreamTests.Handshake_SkipCrc_GoesDirectToConnectPlayer" computerName="JP" duration="00:00:00.0003746" startTime="2026-07-08T14:03:26.9176493-03:00" endTime="2026-07-08T14:03:26.9176494-03:00" testType="13cdc9d9-ddb5-4fa4-a97d-d965ccfc6d4b" outcome="Passed" testListId="8c84fa94-04c1-424b-9868-57a2d4851a1d" relativeResultsDirectory="2f9fedaa-8de8-49fd-8e86-0655c48ae90c" />
    <UnitTestResult executionId="74693683-739b-4592-b53b-377162a95695" testId="7c3604d4-41d6-4add-9ddd-558c2d99b984" testName="RakionServer.World.Tests.PeerCodecTests.RoundTrip_CString_IsNulTerminatedNoLengthPrefix" computerName="JP" duration="00:00:00.0002059" startTime="2026-07-08T14:03:26.9063247-03:00" endTime="2026-07-08T14:03:26.9063248-03:00" testType="13cdc9d9-ddb5-4fa4-a97d-d965ccfc6d4b" outcome="Passed" testListId="8c84fa94-04c1-424b-9868-57a2d4851a1d" relativeResultsDirectory="74693683-739b-4592-b53b-377162a95695" />
    <UnitTestResult executionId="87632387-8bd2-4a67-bc80-2b4d28af25a3" testId="83165597-3f6a-3bc7-1386-6f575e5a8466" testName="RakionServer.World.Tests.IpcCrcTests.GameplayUdp_FailsCrc(pkt: [13, 3, 3, 0, 0, ···])" computerName="JP" duration="00:00:00.0002251" startTime="2026-07-08T14:03:26.8810167-03:00" endTime="2026-07-08T14:03:26.8810167-03:00" testType="13cdc9d9-ddb5-4fa4-a97d-d965ccfc6d4b" outcome="Passed" testListId="8c84fa94-04c1-424b-9868-57a2d4851a1d" relativeResultsDirectory="87632387-8bd2-4a67-bc80-2b4d28af25a3" />
    <UnitTestResult executionId="14d46fdb-1127-43a3-849b-107d7fc42b2f" testId="cd3473b2-f90f-3c42-e192-134da5208076" testName="RakionServer.World.Tests.BotMovementTests.BuildNpcMoveDatagram_WrapsBody_OwnerKeyAddressesNpc" computerName="JP" duration="00:00:00.0005236" startTime="2026-07-08T14:03:26.8974130-03:00" endTime="2026-07-08T14:03:26.8974131-03:00" testType="13cdc9d9-ddb5-4fa4-a97d-d965ccfc6d4b" outcome="Passed" testListId="8c84fa94-04c1-424b-9868-57a2d4851a1d" relativeResultsDirectory="14d46fdb-1127-43a3-849b-107d7fc42b2f" />
    <UnitTestResult executionId="90073dd9-92cb-4c68-bfcd-1f3ee5641da2" testId="6d93c1d7-122b-a920-58b9-ef515beb9c4d" testName="RakionServer.World.Tests.BotMovementTests.BuildFieldGameStart_ReproducesCapturedRoundLoad" computerName="JP" duration="00:00:00.0001418" startTime="2026-07-08T14:03:26.8990955-03:00" endTime="2026-07-08T14:03:26.8990956-03:00" testType="13cdc9d9-ddb5-4fa4-a97d-d965ccfc6d4b" outcome="Passed" testListId="8c84fa94-04c1-424b-9868-57a2d4851a1d" relativeResultsDirectory="90073dd9-92cb-4c68-bfcd-1f3ee5641da2" />
    <UnitTestResult executionId="51d1f1ef-8676-40fa-a11b-c3652442c544" testId="d464d5d0-c155-fe4d-4cc9-d636be330017" testName="RakionServer.World.Tests.GolemObjectiveTests.GravityLayout_RouteRunsCorridorToEnemyGolem_PerTeam" computerName="JP" duration="00:00:00.0049308" startTime="2026-07-08T14:03:26.9033607-03:00" endTime="2026-07-08T14:03:26.9033608-03:00" testType="13cdc9d9-ddb5-4fa4-a97d-d965ccfc6d4b" outcome="Passed" testListId="8c84fa94-04c1-424b-9868-57a2d4851a1d" relativeResultsDirectory="51d1f1ef-8676-40fa-a11b-c3652442c544" />
    <UnitTestResult executionId="cae07c5d-5e84-4082-a014-6e250f1ce059" testId="e5a1ca66-6f0f-54fc-6797-ca6457b02e77" testName="RakionServer.World.Tests.PeerStreamTests.CrcEngine_AddLong_IsBigEndian" computerName="JP" duration="00:00:00.0001339" startTime="2026-07-08T14:03:26.9020366-03:00" endTime="2026-07-08T14:03:26.9020367-03:00" testType="13cdc9d9-ddb5-4fa4-a97d-d965ccfc6d4b" outcome="Passed" testListId="8c84fa94-04c1-424b-9868-57a2d4851a1d" relativeResultsDirectory="cae07c5d-5e84-4082-a014-6e250f1ce059" />
    <UnitTestResult executionId="1d7949b1-0166-45be-b934-7b336325215e" testId="0e006543-52ff-fb3f-736f-350be7a639c4" testName="RakionServer.World.Tests.BotLifecycleTests.MoveToward_MovesCloserToTarget" computerName="JP" duration="00:00:00.0018708" startTime="2026-07-08T14:03:26.8899714-03:00" endTime="2026-07-08T14:03:26.8899715-03:00" testType="13cdc9d9-ddb5-4fa4-a97d-d965ccfc6d4b" outcome="Passed" testListId="8c84fa94-04c1-424b-9868-57a2d4851a1d" relativeResultsDirectory="1d7949b1-0166-45be-b934-7b336325215e" />
    <UnitTestResult executionId="46b4f542-5638-4c40-8421-107acba5eeee" testId="de3d3be7-0da7-a98e-e58a-f137b641c2cd" testName="RakionServer.World.Tests.EnchantConfigTests.Clamp_RespectsCeil" computerName="JP" duration="00:00:00.0000599" startTime="2026-07-08T14:03:26.8996421-03:00" endTime="2026-07-08T14:03:26.8996422-03:00" testType="13cdc9d9-ddb5-4fa4-a97d-d965ccfc6d4b" outcome="Passed" testListId="8c84fa94-04c1-424b-9868-57a2d4851a1d" relativeResultsDirectory="46b4f542-5638-4c40-8421-107acba5eeee" />
    <UnitTestResult executionId="95588cd0-7601-442f-9921-2af4f73e3595" testId="77c9a368-b545-58fe-373e-9722bfe75f52" testName="RakionServer.World.Tests.EnchantConfigTests.UnknownCatalyzer_IsZero" computerName="JP" duration="00:00:00.0050193" startTime="2026-07-08T14:03:26.8975466-03:00" endTime="2026-07-08T14:03:26.8975467-03:00" testType="13cdc9d9-ddb5-4fa4-a97d-d965ccfc6d4b" outcome="Passed" testListId="8c84fa94-04c1-424b-9868-57a2d4851a1d" relativeResultsDirectory="95588cd0-7601-442f-9921-2af4f73e3595" />
    <UnitTestResult executionId="c1f28fdd-41a6-4eb9-b4fe-984d3a6c278a" testId="f6e18dc5-dca6-ce51-e3b5-1b196489631f" testName="RakionServer.World.Tests.BuddyIdentityTests.LinhaLegadaSemPorta_SoCasaSeForAUnica" computerName="JP" duration="00:00:00.0000929" startTime="2026-07-08T14:03:26.8967747-03:00" endTime="2026-07-08T14:03:26.8967748-03:00" testType="13cdc9d9-ddb5-4fa4-a97d-d965ccfc6d4b" outcome="Passed" testListId="8c84fa94-04c1-424b-9868-57a2d4851a1d" relativeResultsDirectory="c1f28fdd-41a6-4eb9-b4fe-984d3a6c278a" />
    <UnitTestResult executionId="2fb3514b-f118-40d0-ac36-227388090ae4" testId="ead918d9-f870-2617-0e3d-9ff3bbe5b21b" testName="RakionServer.World.Tests.PeerStreamTests.WireFrames_Ack_MatchesCaptureVerbatim_AndTailIsNotPayload" computerName="JP" duration="00:00:00.0002121" startTime="2026-07-08T14:03:26.8916602-03:00" endTime="2026-07-08T14:03:26.8916602-03:00" testType="13cdc9d9-ddb5-4fa4-a97d-d965ccfc6d4b" outcome="Passed" testListId="8c84fa94-04c1-424b-9868-57a2d4851a1d" relativeResultsDirectory="2fb3514b-f118-40d0-ac36-227388090ae4" />
    <UnitTestResult executionId="9ff22b09-f65f-40a2-b1b2-8c9ab695ed42" testId="6b45f236-5d57-0515-8d22-47ad125b0009" testName="RakionServer.World.Tests.BotMovementChainTests.BotTick_EmitsMovement_ThatReachesTheHumanEndpoint_WithChangingPosition" computerName="JP" duration="00:00:05.2072706" startTime="2026-07-08T14:03:31.9361652-03:00" endTime="2026-07-08T14:03:31.9361654-03:00" testType="13cdc9d9-ddb5-4fa4-a97d-d965ccfc6d4b" outcome="Passed" testListId="8c84fa94-04c1-424b-9868-57a2d4851a1d" relativeResultsDirectory="9ff22b09-f65f-40a2-b1b2-8c9ab695ed42" />
    <UnitTestResult executionId="9da9b9d3-03ea-4afe-8735-6b3c040cfab9" testId="806e3be4-fc4a-8a12-93d4-fa9b7bae6939" testName="RakionServer.World.Tests.BotLifecycleTests.MoveToward_DoesNotOvershootCloseTarget" computerName="JP" duration="00:00:00.0003414" startTime="2026-07-08T14:03:26.8923446-03:00" endTime="2026-07-08T14:03:26.8923446-03:00" testType="13cdc9d9-ddb5-4fa4-a97d-d965ccfc6d4b" outcome="Passed" testListId="8c84fa94-04c1-424b-9868-57a2d4851a1d" relativeResultsDirectory="9da9b9d3-03ea-4afe-8735-6b3c040cfab9" />
    <UnitTestResult executionId="91845bf1-391c-4b4c-8fc7-0db9de32721a" testId="7199f928-39e4-aa2e-e504-891727612597" testName="RakionServer.World.Tests.LobbyFrameGoldenTests.RemainingTime_RealLen9_ZeroPad" computerName="JP" duration="00:00:00.0002041" startTime="2026-07-08T14:03:26.9057669-03:00" endTime="2026-07-08T14:03:26.9057669-03:00" testType="13cdc9d9-ddb5-4fa4-a97d-d965ccfc6d4b" outcome="Passed" testListId="8c84fa94-04c1-424b-9868-57a2d4851a1d" relativeResultsDirectory="91845bf1-391c-4b4c-8fc7-0db9de32721a" />
    <UnitTestResult executionId="63d8f09e-9b36-453b-8b71-c5cdbf5402da" testId="bc5efc21-76df-7057-ebd4-8be9976351d9" testName="RakionServer.World.Tests.PeerCodecTests.PlayerCharacter_NormalizesFixedBuffers" computerName="JP" duration="00:00:00.0001878" startTime="2026-07-08T14:03:26.9035859-03:00" endTime="2026-07-08T14:03:26.9035860-03:00" testType="13cdc9d9-ddb5-4fa4-a97d-d965ccfc6d4b" outcome="Passed" testListId="8c84fa94-04c1-424b-9868-57a2d4851a1d" relativeResultsDirectory="63d8f09e-9b36-453b-8b71-c5cdbf5402da" />
    <UnitTestResult executionId="e74efe1c-5049-4ea3-8b62-dd4665bb8d83" testId="a49c29d7-fda9-67a6-1160-55336963fdd4" testName="RakionServer.World.Tests.PeerStreamTests.ReliableStream_Reassembles_OutOfOrderSegments" computerName="JP" duration="00:00:00.0011243" startTime="2026-07-08T14:03:26.9152950-03:00" endTime="2026-07-08T14:03:26.9152950-03:00" testType="13cdc9d9-ddb5-4fa4-a97d-d965ccfc6d4b" outcome="Passed" testListId="8c84fa94-04c1-424b-9868-57a2d4851a1d" relativeResultsDirectory="e74efe1c-5049-4ea3-8b62-dd4665bb8d83" />
    <UnitTestResult executionId="fc6ae43c-3e34-4b22-ad70-6d24cdcd617c" testId="d8ad28af-b86d-e50b-a943-47c4cde512a1" testName="RakionServer.World.Tests.BotLifecycleTests.SetAimToward_PointsAtTarget" computerName="JP" duration="00:00:00.0001038" startTime="2026-07-08T14:03:26.9055700-03:00" endTime="2026-07-08T14:03:26.9055700-03:00" testType="13cdc9d9-ddb5-4fa4-a97d-d965ccfc6d4b" outcome="Passed" testListId="8c84fa94-04c1-424b-9868-57a2d4851a1d" relativeResultsDirectory="fc6ae43c-3e34-4b22-ad70-6d24cdcd617c" />
    <UnitTestResult executionId="11ce65dd-2f5d-474f-9adb-180e30323012" testId="c6bca3ad-012d-8713-dbff-9ab85d2b3f61" testName="RakionServer.World.Tests.BotLockstepTests.Ack_do_host_ao_push_do_joiner_bate_com_a_captura_l17" computerName="JP" duration="00:00:00.0000787" startTime="2026-07-08T14:03:26.8926039-03:00" endTime="2026-07-08T14:03:26.8926040-03:00" testType="13cdc9d9-ddb5-4fa4-a97d-d965ccfc6d4b" outcome="Passed" testListId="8c84fa94-04c1-424b-9868-57a2d4851a1d" relativeResultsDirectory="11ce65dd-2f5d-474f-9adb-180e30323012" />
    <UnitTestResult executionId="37c72491-31c2-49a7-9783-b4822cb9bfc6" testId="9fe22a7f-b8dc-3b25-aad8-517344c067d9" testName="RakionServer.World.Tests.CharListWriterGoldenTests.Synthesizes_TwoChars_LikeOriginal" computerName="JP" duration="00:00:00.0005101" startTime="2026-07-08T14:03:26.9027135-03:00" endTime="2026-07-08T14:03:26.9027135-03:00" testType="13cdc9d9-ddb5-4fa4-a97d-d965ccfc6d4b" outcome="Passed" testListId="8c84fa94-04c1-424b-9868-57a2d4851a1d" relativeResultsDirectory="37c72491-31c2-49a7-9783-b4822cb9bfc6" />
    <UnitTestResult executionId="cdacc6b9-7355-4722-b7d9-5ac52f171d69" testId="0cc8b4b6-5e5f-5595-1502-7d37c52045bb" testName="RakionServer.World.Tests.PeerCodecTests.CrcCheckReply_MatchesSpec" computerName="JP" duration="00:00:00.0002698" startTime="2026-07-08T14:03:26.9048660-03:00" endTime="2026-07-08T14:03:26.9048660-03:00" testType="13cdc9d9-ddb5-4fa4-a97d-d965ccfc6d4b" outcome="Passed" testListId="8c84fa94-04c1-424b-9868-57a2d4851a1d" relativeResultsDirectory="cdacc6b9-7355-4722-b7d9-5ac52f171d69" />
    <UnitTestResult executionId="158f15cc-b2bb-4772-9655-5c3f1165a48b" testId="52dedcc0-3d9f-a46c-5fff-3caf8fa0e072" testName="RakionServer.World.Tests.BotProfileTests.StrafeAround_OrbitsTarget_KeepsRing_AndFacesTarget" computerName="JP" duration="00:00:00.0040898" startTime="2026-07-08T14:03:26.8897965-03:00" endTime="2026-07-08T14:03:26.8897966-03:00" testType="13cdc9d9-ddb5-4fa4-a97d-d965ccfc6d4b" outcome="Passed" testListId="8c84fa94-04c1-424b-9868-57a2d4851a1d" relativeResultsDirectory="158f15cc-b2bb-4772-9655-5c3f1165a48b" />
    <UnitTestResult executionId="b8513e16-6f38-4c66-bca3-458aac89d01c" testId="adb9f1b3-f936-90a3-05ed-7ed444e2976d" testName="RakionServer.World.Tests.CharListWriterGoldenTests.Synthesizes_TwoChars_WithClass_LikeOriginal" computerName="JP" duration="00:00:00.0070156" startTime="2026-07-08T14:03:26.9026180-03:00" endTime="2026-07-08T14:03:26.9026180-03:00" testType="13cdc9d9-ddb5-4fa4-a97d-d965ccfc6d4b" outcome="Passed" testListId="8c84fa94-04c1-424b-9868-57a2d4851a1d" relativeResultsDirectory="b8513e16-6f38-4c66-bca3-458aac89d01c" />
    <UnitTestResult executionId="0fb1e17d-ea25-48e9-a846-a37240628f6d" testId="c666dc33-990d-259d-8e83-1e4447b93f4b" testName="RakionServer.World.Tests.RoomJoinWireGoldenTests.RoomState_FullFrame_MatchesOriginalCapture_ExceptUidAndAddr" computerName="JP" duration="00:00:00.0014021" startTime="2026-07-08T14:03:26.8974980-03:00" endTime="2026-07-08T14:03:26.8974980-03:00" testType="13cdc9d9-ddb5-4fa4-a97d-d965ccfc6d4b" outcome="Passed" testListId="8c84fa94-04c1-424b-9868-57a2d4851a1d" relativeResultsDirectory="0fb1e17d-ea25-48e9-a846-a37240628f6d" />
    <UnitTestResult executionId="ff11a94b-4b3a-4879-8431-dd8a44921c03" testId="bdbf8234-087b-1068-34fd-4d4a65a4173b" testName="RakionServer.World.Tests.LobbyFrameGoldenTests.ChannelList_ManyUsers_SlotIdxIsOneByte_WithFullNames" computerName="JP" duration="00:00:00.0101852" startTime="2026-07-08T14:03:26.9028371-03:00" endTime="2026-07-08T14:03:26.9028372-03:00" testType="13cdc9d9-ddb5-4fa4-a97d-d965ccfc6d4b" outcome="Passed" testListId="8c84fa94-04c1-424b-9868-57a2d4851a1d" relativeResultsDirectory="ff11a94b-4b3a-4879-8431-dd8a44921c03" />
    <UnitTestResult executionId="15186d24-a5fd-4787-8abc-16b18a16e293" testId="9fb1f9c0-5a1a-b45e-b425-8dbfa70e956c" testName="RakionServer.World.Tests.BotProfileTests.Parse_RecognizesDifficultyTokens(cmd: &quot;/addbot 3&quot;, expected: Normal)" computerName="JP" duration="00:00:00.0001617" startTime="2026-07-08T14:03:26.8951293-03:00" endTime="2026-07-08T14:03:26.8951293-03:00" testType="13cdc9d9-ddb5-4fa4-a97d-d965ccfc6d4b" outcome="Passed" testListId="8c84fa94-04c1-424b-9868-57a2d4851a1d" relativeResultsDirectory="15186d24-a5fd-4787-8abc-16b18a16e293" />
    <UnitTestResult executionId="27bd0eb8-0ab0-4863-98f2-b17150915055" testId="d69d88bb-3e97-4dd1-c57a-8f0aa1eba34b" testName="RakionServer.World.Tests.BotProfileTests.For_DistinctProfiles_HarderIsFasterTougherAndMoreAggressive" computerName="JP" duration="00:00:00.1513048" startTime="2026-07-08T14:03:26.8804590-03:00" endTime="2026-07-08T14:03:26.8804593-03:00" testType="13cdc9d9-ddb5-4fa4-a97d-d965ccfc6d4b" outcome="Passed" testListId="8c84fa94-04c1-424b-9868-57a2d4851a1d" relativeResultsDirectory="27bd0eb8-0ab0-4863-98f2-b17150915055" />
    <UnitTestResult executionId="3d55981a-85fe-40dc-ae7d-8354a257a2c3" testId="b4bd5cad-b549-7451-cb78-fbbd53f06f4f" testName="RakionServer.World.Tests.BuddyFrameGoldenTests.ChangeBuddyNameResult_MatchesWorldservLayout" computerName="JP" duration="00:00:00.0001401" startTime="2026-07-08T14:03:26.8930949-03:00" endTime="2026-07-08T14:03:26.8930949-03:00" testType="13cdc9d9-ddb5-4fa4-a97d-d965ccfc6d4b" outcome="Passed" testListId="8c84fa94-04c1-424b-9868-57a2d4851a1d" relativeResultsDirectory="3d55981a-85fe-40dc-ae7d-8354a257a2c3" />
    <UnitTestResult executionId="44245a53-73f4-473f-a050-0cb6172c917c" testId="99ad97b0-1d08-2acb-840a-fe7df38aff95" testName="RakionServer.World.Tests.PeerStreamTests.WireFrames_Push_LayoutAndTokenOffset" computerName="JP" duration="00:00:00.0002542" startTime="2026-07-08T14:03:26.9005117-03:00" endTime="2026-07-08T14:03:26.9005118-03:00" testType="13cdc9d9-ddb5-4fa4-a97d-d965ccfc6d4b" outcome="Passed" testListId="8c84fa94-04c1-424b-9868-57a2d4851a1d" relativeResultsDirectory="44245a53-73f4-473f-a050-0cb6172c917c" />
    <UnitTestResult executionId="93a26187-72df-460d-b2c2-d00ae0e8edda" testId="61404a07-68a8-f799-3fd6-ccf8942e7f6b" testName="RakionServer.World.Tests.EnchantConfigTests.DowngradeFactor_ByLevel(level: 5, expected: 0,12)" computerName="JP" duration="00:00:00.0000032" startTime="2026-07-08T14:03:26.8983600-03:00" endTime="2026-07-08T14:03:26.8983601-03:00" testType="13cdc9d9-ddb5-4fa4-a97d-d965ccfc6d4b" outcome="Passed" testListId="8c84fa94-04c1-424b-9868-57a2d4851a1d" relativeResultsDirectory="93a26187-72df-460d-b2c2-d00ae0e8edda" />
    <UnitTestResult executionId="8573e8c7-ced2-432d-9a60-fb04a00c980d" testId="ecd3d9ba-ba49-220f-5dd0-72170718d807" testName="RakionServer.World.Tests.PeerCodecTests.Enum_MatchesSourceOrdinals(type: GameStreamBlocks, expected: 26)" computerName="JP" duration="00:00:00.0000016" startTime="2026-07-08T14:03:26.9011499-03:00" endTime="2026-07-08T14:03:26.9011499-03:00" testType="13cdc9d9-ddb5-4fa4-a97d-d965ccfc6d4b" outcome="Passed" testListId="8c84fa94-04c1-424b-9868-57a2d4851a1d" relativeResultsDirectory="8573e8c7-ced2-432d-9a60-fb04a00c980d" />
    <UnitTestResult executionId="efde07b5-03b8-4966-bb89-056bfd5d92ea" testId="10962e9c-f1f4-f06a-5cf2-af792c0cffbb" testName="RakionServer.World.Tests.RoundEndWireTests.EndRound_Team1Wins_WireWinnerIs0" computerName="JP" duration="00:00:00.0009962" startTime="2026-07-08T14:03:26.8973312-03:00" endTime="2026-07-08T14:03:26.8973312-03:00" testType="13cdc9d9-ddb5-4fa4-a97d-d965ccfc6d4b" outcome="Passed" testListId="8c84fa94-04c1-424b-9868-57a2d4851a1d" relativeResultsDirectory="efde07b5-03b8-4966-bb89-056bfd5d92ea" />
    <UnitTestResult executionId="b8f241c8-beac-4654-97b9-21b997d36126" testId="1c73c580-ac2b-0775-af95-0cca658d5d91" testName="RakionServer.World.Tests.LobbyFrameGoldenTests.ChannelChat_CapsTextAt0x80" computerName="JP" duration="00:00:00.0002357" startTime="2026-07-08T14:03:26.8932565-03:00" endTime="2026-07-08T14:03:26.8932566-03:00" testType="13cdc9d9-ddb5-4fa4-a97d-d965ccfc6d4b" outcome="Passed" testListId="8c84fa94-04c1-424b-9868-57a2d4851a1d" relativeResultsDirectory="b8f241c8-beac-4654-97b9-21b997d36126" />
    <UnitTestResult executionId="46f369ae-2657-4669-9e55-021c21943553" testId="0d191c3b-9d13-c1c9-685f-6cc2fc85477a" testName="RakionServer.World.Tests.EnchantConfigTests.DowngradeFactor_ByLevel(level: 3, expected: 0,12)" computerName="JP" duration="00:00:00.0002285" startTime="2026-07-08T14:03:26.8982913-03:00" endTime="2026-07-08T14:03:26.8982913-03:00" testType="13cdc9d9-ddb5-4fa4-a97d-d965ccfc6d4b" outcome="Passed" testListId="8c84fa94-04c1-424b-9868-57a2d4851a1d" relativeResultsDirectory="46f369ae-2657-4669-9e55-021c21943553" />
    <UnitTestResult executionId="755b77c1-1acd-439c-af54-0ca083ea5093" testId="23a2322d-c297-d485-3e2c-6a394bc17c65" testName="RakionServer.World.Tests.PeerCodecTests.SessionSocketParams_RoundTrips_ThreeIndex" computerName="JP" duration="00:00:00.0001569" startTime="2026-07-08T14:03:26.9041376-03:00" endTime="2026-07-08T14:03:26.9041377-03:00" testType="13cdc9d9-ddb5-4fa4-a97d-d965ccfc6d4b" outcome="Passed" testListId="8c84fa94-04c1-424b-9868-57a2d4851a1d" relativeResultsDirectory="755b77c1-1acd-439c-af54-0ca083ea5093" />
    <UnitTestResult executionId="f9e0773f-010a-4cbf-845c-0ce3a22cd7f0" testId="ebbb4262-f57d-6161-1a0e-856894457c60" testName="RakionServer.World.Tests.LobbyFrameGoldenTests.ChannelChat_SubtypeSlotTextNul" computerName="JP" duration="00:00:00.0000603" startTime="2026-07-08T14:03:26.9043259-03:00" endTime="2026-07-08T14:03:26.9043260-03:00" testType="13cdc9d9-ddb5-4fa4-a97d-d965ccfc6d4b" outcome="Passed" testListId="8c84fa94-04c1-424b-9868-57a2d4851a1d" relativeResultsDirectory="f9e0773f-010a-4cbf-845c-0ce3a22cd7f0" />
    <UnitTestResult executionId="479dd170-1c72-4270-8521-e14f43f69203" testId="a86c8ffe-9083-c6d5-1a1a-2e7a167a9ea7" testName="RakionServer.World.Tests.BotMovementTests.BuildCreateNpcDatagram_WrapsBody_WithTransportHeader" computerName="JP" duration="00:00:00.0003383" startTime="2026-07-08T14:03:26.8982406-03:00" endTime="2026-07-08T14:03:26.8982407-03:00" testType="13cdc9d9-ddb5-4fa4-a97d-d965ccfc6d4b" outcome="Passed" testListId="8c84fa94-04c1-424b-9868-57a2d4851a1d" relativeResultsDirectory="479dd170-1c72-4270-8521-e14f43f69203" />
    <UnitTestResult executionId="e06a07fe-db60-43d1-a548-19351e35cfaf" testId="a34b337c-2c01-3377-9722-e44c781ce674" testName="RakionServer.World.Tests.LobbyFrameGoldenTests.MatchStartAck_StatusZero_BodyPendingRE" computerName="JP" duration="00:00:00.0001530" startTime="2026-07-08T14:03:26.9062958-03:00" endTime="2026-07-08T14:03:26.9062958-03:00" testType="13cdc9d9-ddb5-4fa4-a97d-d965ccfc6d4b" outcome="Passed" testListId="8c84fa94-04c1-424b-9868-57a2d4851a1d" relativeResultsDirectory="e06a07fe-db60-43d1-a548-19351e35cfaf" />
    <UnitTestResult executionId="e88cd275-2727-4514-9520-c5e3c40b3fdf" testId="9803c481-45c6-4ddf-19f1-1f3874952669" testName="RakionServer.World.Tests.BuddyIdentityTests.PortaAtras_EhDistanciaGigante_NaoCasa" computerName="JP" duration="00:00:00.0003507" startTime="2026-07-08T14:03:26.8961218-03:00" endTime="2026-07-08T14:03:26.8961218-03:00" testType="13cdc9d9-ddb5-4fa4-a97d-d965ccfc6d4b" outcome="Passed" testListId="8c84fa94-04c1-424b-9868-57a2d4851a1d" relativeResultsDirectory="e88cd275-2727-4514-9520-c5e3c40b3fdf" />
    <UnitTestResult executionId="edb22e7c-a837-4eb8-b8a8-107a44fac141" testId="44ce6aaf-dc99-de43-5a38-ec8a66425575" testName="RakionServer.World.Tests.BotLifecycleTests.MoveToward_UpdatesYawToFaceTarget" computerName="JP" duration="00:00:00.0000849" startTime="2026-07-08T14:03:26.8900104-03:00" endTime="2026-07-08T14:03:26.8900105-03:00" testType="13cdc9d9-ddb5-4fa4-a97d-d965ccfc6d4b" outcome="Passed" testListId="8c84fa94-04c1-424b-9868-57a2d4851a1d" relativeResultsDirectory="edb22e7c-a837-4eb8-b8a8-107a44fac141" />
    <UnitTestResult executionId="a4c3adbd-a228-438c-8c88-9902871e11d6" testId="39bf87cc-d5f3-2b14-16b9-3226d9b7f38a" testName="RakionServer.World.Tests.IpcCrcTests.RequestServerInfo_BuiltWithCrc_Verifies" computerName="JP" duration="00:00:00.1513286" startTime="2026-07-08T14:03:26.8807951-03:00" endTime="2026-07-08T14:03:26.8807952-03:00" testType="13cdc9d9-ddb5-4fa4-a97d-d965ccfc6d4b" outcome="Passed" testListId="8c84fa94-04c1-424b-9868-57a2d4851a1d" relativeResultsDirectory="a4c3adbd-a228-438c-8c88-9902871e11d6" />
    <UnitTestResult executionId="8489869d-5aae-494c-b468-7645c43cc2fe" testId="497ebea1-3ef1-b93f-c933-38c90759522d" testName="RakionServer.World.Tests.BotMovementTests.PeerRegister_0x319_LocksWireLayout" computerName="JP" duration="00:00:00.0002323" startTime="2026-07-08T14:03:26.8989084-03:00" endTime="2026-07-08T14:03:26.8989084-03:00" testType="13cdc9d9-ddb5-4fa4-a97d-d965ccfc6d4b" outcome="Passed" testListId="8c84fa94-04c1-424b-9868-57a2d4851a1d" relativeResultsDirectory="8489869d-5aae-494c-b468-7645c43cc2fe" />
    <UnitTestResult executionId="1e692d8a-3889-4c53-ab55-9bbe4855abd6" testId="f8dd11a9-002d-f2e3-b7bc-e91a9aba3589" testName="RakionServer.World.Tests.BotMovementTests.KeystateDatagram_LocomotionStateMachine" computerName="JP" duration="00:00:00.0002653" startTime="2026-07-08T14:03:26.8996185-03:00" endTime="2026-07-08T14:03:26.8996186-03:00" testType="13cdc9d9-ddb5-4fa4-a97d-d965ccfc6d4b" outcome="Passed" testListId="8c84fa94-04c1-424b-9868-57a2d4851a1d" relativeResultsDirectory="1e692d8a-3889-4c53-ab55-9bbe4855abd6" />
    <UnitTestResult executionId="8c36277f-90b1-4695-86a2-721d1d693a87" testId="ecbb6f78-cb6f-4fcc-df1d-83444157614c" testName="RakionServer.World.Tests.EnchantConfigTests.Mithril_BaseChance_DecaysPerLevel" computerName="JP" duration="00:00:00.0004186" startTime="2026-07-08T14:03:26.8990010-03:00" endTime="2026-07-08T14:03:26.8990011-03:00" testType="13cdc9d9-ddb5-4fa4-a97d-d965ccfc6d4b" outcome="Passed" testListId="8c84fa94-04c1-424b-9868-57a2d4851a1d" relativeResultsDirectory="8c36277f-90b1-4695-86a2-721d1d693a87" />
    <UnitTestResult executionId="88ba7c37-7e33-4176-96cf-2a8fe226b6bd" testId="4ca96ebf-0564-d369-ec67-e51b69e0d787" testName="RakionServer.World.Tests.BotLockstepTests.Ack_do_host_ao_open_bate_com_a_captura_l13" computerName="JP" duration="00:00:00.0001039" startTime="2026-07-08T14:03:26.8925078-03:00" endTime="2026-07-08T14:03:26.8925079-03:00" testType="13cdc9d9-ddb5-4fa4-a97d-d965ccfc6d4b" outcome="Passed" testListId="8c84fa94-04c1-424b-9868-57a2d4851a1d" relativeResultsDirectory="88ba7c37-7e33-4176-96cf-2a8fe226b6bd" />
    <UnitTestResult executionId="6e3d0c4f-b1f6-4114-9e65-054dcb71d4c5" testId="03aac6dd-02bc-59fe-b885-ff7f347155ab" testName="RakionServer.World.Tests.LobbyFrameGoldenTests.StageEndResult_Death_RealLen6_ZeroPad" computerName="JP" duration="00:00:00.0000740" startTime="2026-07-08T14:03:26.9049245-03:00" endTime="2026-07-08T14:03:26.9049246-03:00" testType="13cdc9d9-ddb5-4fa4-a97d-d965ccfc6d4b" outcome="Passed" testListId="8c84fa94-04c1-424b-9868-57a2d4851a1d" relativeResultsDirectory="6e3d0c4f-b1f6-4114-9e65-054dcb71d4c5" />
    <UnitTestResult executionId="957efb93-1fe4-4494-bab2-6306ca0610bc" testId="96969e26-3eb2-6818-fd44-ccbab5ab00db" testName="RakionServer.World.Tests.PeerCodecTests.ConnectRemoteRequest_MatchesSpecLayout" computerName="JP" duration="00:00:00.0002617" startTime="2026-07-08T14:03:26.9043731-03:00" endTime="2026-07-08T14:03:26.9043731-03:00" testType="13cdc9d9-ddb5-4fa4-a97d-d965ccfc6d4b" outcome="Passed" testListId="8c84fa94-04c1-424b-9868-57a2d4851a1d" relativeResultsDirectory="957efb93-1fe4-4494-bab2-6306ca0610bc" />
    <UnitTestResult executionId="a60af4ee-c29c-4cb1-b33b-336de0bb41a8" testId="8def3843-33f4-d909-c221-7a3b90829dbd" testName="RakionServer.World.Tests.BotLifecycleTests.EphemeralBotId_IsUniquePerField" computerName="JP" duration="00:00:00.0010868" startTime="2026-07-08T14:03:26.9042589-03:00" endTime="2026-07-08T14:03:26.9042590-03:00" testType="13cdc9d9-ddb5-4fa4-a97d-d965ccfc6d4b" outcome="Passed" testListId="8c84fa94-04c1-424b-9868-57a2d4851a1d" relativeResultsDirectory="a60af4ee-c29c-4cb1-b33b-336de0bb41a8" />
    <UnitTestResult executionId="4af2f80e-ac07-4367-8b6a-1880c37fa603" testId="15b4bf5e-a48d-5ae9-59a0-fcee84abe57a" testName="RakionServer.World.Tests.EnchantConfigTests.PuMultiplier_OnlyAppliesWhenPuActive" computerName="JP" duration="00:00:00.0000956" startTime="2026-07-08T14:03:26.8990521-03:00" endTime="2026-07-08T14:03:26.8990522-03:00" testType="13cdc9d9-ddb5-4fa4-a97d-d965ccfc6d4b" outcome="Passed" testListId="8c84fa94-04c1-424b-9868-57a2d4851a1d" relativeResultsDirectory="4af2f80e-ac07-4367-8b6a-1880c37fa603" />
    <UnitTestResult executionId="c36b824f-123b-4ae1-8323-439c74bcf9f8" testId="837608bc-aa19-09aa-bbc8-d9b57e8f6a50" testName="RakionServer.World.Tests.BuddyFrameGoldenTests.LoginList_Empty_PadsAbove7Bytes" computerName="JP" duration="00:00:00.0002700" startTime="2026-07-08T14:03:26.8941077-03:00" endTime="2026-07-08T14:03:26.8941078-03:00" testType="13cdc9d9-ddb5-4fa4-a97d-d965ccfc6d4b" outcome="Passed" testListId="8c84fa94-04c1-424b-9868-57a2d4851a1d" relativeResultsDirectory="c36b824f-123b-4ae1-8323-439c74bcf9f8" />
    <UnitTestResult executionId="e62052d6-6fd6-45d1-8cff-d8d3de63a838" testId="25ad33cc-6262-3019-a82e-f7fd7a2663cb" testName="RakionServer.World.Tests.BotMovementTests.EncodeCreateNpcBody_RealGoldenStructure_43Bytes" computerName="JP" duration="00:00:00.0006418" startTime="2026-07-08T14:03:26.8973811-03:00" endTime="2026-07-08T14:03:26.8973811-03:00" testType="13cdc9d9-ddb5-4fa4-a97d-d965ccfc6d4b" outcome="Passed" testListId="8c84fa94-04c1-424b-9868-57a2d4851a1d" relativeResultsDirectory="e62052d6-6fd6-45d1-8cff-d8d3de63a838" />
    <UnitTestResult executionId="3f408070-1e2d-4fc2-995a-5efbb326ccd5" testId="44671488-bd1f-25c9-15d6-c512f92d3afd" testName="RakionServer.World.Tests.BotLifecycleTests.ResolveBotHitByHuman_ThrottlesRepeatedHits" computerName="JP" duration="00:00:00.0010375" startTime="2026-07-08T14:03:26.9029156-03:00" endTime="2026-07-08T14:03:26.9029156-03:00" testType="13cdc9d9-ddb5-4fa4-a97d-d965ccfc6d4b" outcome="Passed" testListId="8c84fa94-04c1-424b-9868-57a2d4851a1d" relativeResultsDirectory="3f408070-1e2d-4fc2-995a-5efbb326ccd5" />
    <UnitTestResult executionId="2e49575e-d6da-4dbb-87ad-21dab129669a" testId="39f4701a-8ecb-540a-2bc0-c746103d0ac1" testName="RakionServer.World.Tests.PeerCodecTests.Enum_MatchesSourceOrdinals(type: ReqStateDelta, expected: 9)" computerName="JP" duration="00:00:00.0000621" startTime="2026-07-08T14:03:26.9003792-03:00" endTime="2026-07-08T14:03:26.9003793-03:00" testType="13cdc9d9-ddb5-4fa4-a97d-d965ccfc6d4b" outcome="Passed" testListId="8c84fa94-04c1-424b-9868-57a2d4851a1d" relativeResultsDirectory="2e49575e-d6da-4dbb-87ad-21dab129669a" />
    <UnitTestResult executionId="dee299ba-a312-4882-88c7-3b76fdb25438" testId="0df5e901-4c81-6610-0ca1-9c8698f56953" testName="RakionServer.World.Tests.LobbyFrameGoldenTests.FieldInvitation_ByteExact_MatchesClientParse" computerName="JP" duration="00:00:00.0000805" startTime="2026-07-08T14:03:26.9058116-03:00" endTime="2026-07-08T14:03:26.9058116-03:00" testType="13cdc9d9-ddb5-4fa4-a97d-d965ccfc6d4b" outcome="Passed" testListId="8c84fa94-04c1-424b-9868-57a2d4851a1d" relativeResultsDirectory="dee299ba-a312-4882-88c7-3b76fdb25438" />
    <UnitTestResult executionId="91fbc5e2-e5a3-45cf-abb2-f1388e5a5659" testId="52a86e5b-8624-61df-3421-6407e76d58c8" testName="RakionServer.World.Tests.PeerCodecTests.Enum_MatchesSourceOrdinals(type: RepStateDelta, expected: 10)" computerName="JP" duration="00:00:00.0001901" startTime="2026-07-08T14:03:26.9004487-03:00" endTime="2026-07-08T14:03:26.9004487-03:00" testType="13cdc9d9-ddb5-4fa4-a97d-d965ccfc6d4b" outcome="Passed" testListId="8c84fa94-04c1-424b-9868-57a2d4851a1d" relativeResultsDirectory="91fbc5e2-e5a3-45cf-abb2-f1388e5a5659" />
    <UnitTestResult executionId="87976a2f-6968-4850-aff0-1d96b89200b0" testId="36433a28-06ae-1a19-a32a-c071d9524b96" testName="RakionServer.World.Tests.BuddyIdentityTests.ConexoesIntercaladas_NaoTrocamAsContas" computerName="JP" duration="00:00:00.0003128" startTime="2026-07-08T14:03:26.8966838-03:00" endTime="2026-07-08T14:03:26.8966839-03:00" testType="13cdc9d9-ddb5-4fa4-a97d-d965ccfc6d4b" outcome="Passed" testListId="8c84fa94-04c1-424b-9868-57a2d4851a1d" relativeResultsDirectory="87976a2f-6968-4850-aff0-1d96b89200b0" />
    <UnitTestResult executionId="9714be9a-d684-4864-8fa6-401652d17590" testId="e87f90e9-127e-192c-1e43-c0a5b3651d8e" testName="RakionServer.World.Tests.BotLifecycleTests.Bot_IsOccupantButNotHuman" computerName="JP" duration="00:00:00.0003723" startTime="2026-07-08T14:03:26.9026679-03:00" endTime="2026-07-08T14:03:26.9026679-03:00" testType="13cdc9d9-ddb5-4fa4-a97d-d965ccfc6d4b" outcome="Passed" testListId="8c84fa94-04c1-424b-9868-57a2d4851a1d" relativeResultsDirectory="9714be9a-d684-4864-8fa6-401652d17590" />
    <UnitTestResult executionId="0e2aafdf-472a-41c9-be51-8f84158988cb" testId="47ae4d50-3c6e-440b-ba10-4915d1c9ea1c" testName="RakionServer.World.Tests.PeerCodecTests.RoundTrip_AllScalarTypes_LittleEndian" computerName="JP" duration="00:00:00.0009942" startTime="2026-07-08T14:03:26.9056616-03:00" endTime="2026-07-08T14:03:26.9056617-03:00" testType="13cdc9d9-ddb5-4fa4-a97d-d965ccfc6d4b" outcome="Passed" testListId="8c84fa94-04c1-424b-9868-57a2d4851a1d" relativeResultsDirectory="0e2aafdf-472a-41c9-be51-8f84158988cb" />
    <UnitTestResult executionId="3f35ce98-5d66-4573-b37f-df351464e14c" testId="d531ff26-9e8c-d27a-fa53-ab3691b2fce7" testName="RakionServer.World.Tests.PeerCodecTests.AddPlayer_Layout_IsIndexThenCharacter" computerName="JP" duration="00:00:00.0003900" startTime="2026-07-08T14:03:26.9062037-03:00" endTime="2026-07-08T14:03:26.9062038-03:00" testType="13cdc9d9-ddb5-4fa4-a97d-d965ccfc6d4b" outcome="Passed" testListId="8c84fa94-04c1-424b-9868-57a2d4851a1d" relativeResultsDirectory="3f35ce98-5d66-4573-b37f-df351464e14c" />
    <UnitTestResult executionId="18ca8e83-e64b-4cd3-b6ca-5f7c6e57c53a" testId="8e40036f-d51f-9634-8c8b-7327360f1da2" testName="RakionServer.World.Tests.BuddyFrameGoldenTests.LoginList_OneOfflineBuddy_Record0x94" computerName="JP" duration="00:00:00.0044481" startTime="2026-07-08T14:03:26.8918647-03:00" endTime="2026-07-08T14:03:26.8918648-03:00" testType="13cdc9d9-ddb5-4fa4-a97d-d965ccfc6d4b" outcome="Passed" testListId="8c84fa94-04c1-424b-9868-57a2d4851a1d" relativeResultsDirectory="18ca8e83-e64b-4cd3-b6ca-5f7c6e57c53a" />
    <UnitTestResult executionId="45177952-162f-4ae6-b012-b6c1a2182df2" testId="ee9cb466-73dc-9f21-3d1f-b042d023f080" testName="RakionServer.World.Tests.RoomStateGoldenTests.RoomStateHeader_FieldsAreDomainSourced" computerName="JP" duration="00:00:00.0008071" startTime="2026-07-08T14:03:26.8923160-03:00" endTime="2026-07-08T14:03:26.8923161-03:00" testType="13cdc9d9-ddb5-4fa4-a97d-d965ccfc6d4b" outcome="Passed" testListId="8c84fa94-04c1-424b-9868-57a2d4851a1d" relativeResultsDirectory="45177952-162f-4ae6-b012-b6c1a2182df2" />
    <UnitTestResult executionId="b5d81c67-880f-42fc-977c-2db6f06b4383" testId="56a1e398-0468-4dbf-528e-de66dde72cae" testName="RakionServer.World.Tests.PeerCodecTests.Enum_MatchesSourceOrdinals(type: KeepAlive, expected: 2)" computerName="JP" duration="00:00:00.0000014" startTime="2026-07-08T14:03:26.9019408-03:00" endTime="2026-07-08T14:03:26.9019409-03:00" testType="13cdc9d9-ddb5-4fa4-a97d-d965ccfc6d4b" outcome="Passed" testListId="8c84fa94-04c1-424b-9868-57a2d4851a1d" relativeResultsDirectory="b5d81c67-880f-42fc-977c-2db6f06b4383" />
    <UnitTestResult executionId="cbd743b6-f975-4c8e-bd77-b3fe7758bebc" testId="eb99b110-1f0c-3660-977b-c8d3b159cfd4" testName="RakionServer.World.Tests.BotLifecycleTests.ClearBotSeat_EmptiesOnlyThatSeat" computerName="JP" duration="00:00:00.0006302" startTime="2026-07-08T14:03:26.8916028-03:00" endTime="2026-07-08T14:03:26.8916029-03:00" testType="13cdc9d9-ddb5-4fa4-a97d-d965ccfc6d4b" outcome="Passed" testListId="8c84fa94-04c1-424b-9868-57a2d4851a1d" relativeResultsDirectory="cbd743b6-f975-4c8e-bd77-b3fe7758bebc" />
    <UnitTestResult executionId="ebf1b1c4-1b37-409f-96b1-87ea977aaabc" testId="76d794db-a0e8-f76c-b9bd-0770b4df9fc3" testName="RakionServer.World.Tests.BuddyIdentityTests.WrapDoPoolEfemero_DistanciaCircular" computerName="JP" duration="00:00:00.0001105" startTime="2026-07-08T14:03:26.8968634-03:00" endTime="2026-07-08T14:03:26.8968634-03:00" testType="13cdc9d9-ddb5-4fa4-a97d-d965ccfc6d4b" outcome="Passed" testListId="8c84fa94-04c1-424b-9868-57a2d4851a1d" relativeResultsDirectory="ebf1b1c4-1b37-409f-96b1-87ea977aaabc" />
    <UnitTestResult executionId="89cb5808-149c-4dc1-8d96-52b48d39d152" testId="df9153ae-a42c-1741-ee77-1122df435945" testName="RakionServer.World.Tests.LobbyFrameGoldenTests.Synth_Is_Domain_Sourced" computerName="JP" duration="00:00:00.0028832" startTime="2026-07-08T14:03:26.9035396-03:00" endTime="2026-07-08T14:03:26.9035397-03:00" testType="13cdc9d9-ddb5-4fa4-a97d-d965ccfc6d4b" outcome="Passed" testListId="8c84fa94-04c1-424b-9868-57a2d4851a1d" relativeResultsDirectory="89cb5808-149c-4dc1-8d96-52b48d39d152" />
    <UnitTestResult executionId="72c9e553-b08d-45fd-8327-538bdb5f3adf" testId="a610f053-5fe3-f528-0508-877c7dfe73d4" testName="RakionServer.World.Tests.PeerCodecTests.Reader_CStringWithoutTerminator_StopsAtEnd" computerName="JP" duration="00:00:00.0000927" startTime="2026-07-08T14:03:26.9071563-03:00" endTime="2026-07-08T14:03:26.9071563-03:00" testType="13cdc9d9-ddb5-4fa4-a97d-d965ccfc6d4b" outcome="Passed" testListId="8c84fa94-04c1-424b-9868-57a2d4851a1d" relativeResultsDirectory="72c9e553-b08d-45fd-8327-538bdb5f3adf" />
    <UnitTestResult executionId="330be7d8-d8ce-479e-b2d6-2ccfbf62f835" testId="6b32e290-ba35-9003-fba1-f087cbd3c2a7" testName="RakionServer.World.Tests.BotLifecycleTests.AddBot_PlacesInRequestedTeamBlock" computerName="JP" duration="00:00:00.0006276" startTime="2026-07-08T14:03:26.9020717-03:00" endTime="2026-07-08T14:03:26.9020718-03:00" testType="13cdc9d9-ddb5-4fa4-a97d-d965ccfc6d4b" outcome="Passed" testListId="8c84fa94-04c1-424b-9868-57a2d4851a1d" relativeResultsDirectory="330be7d8-d8ce-479e-b2d6-2ccfbf62f835" />
    <UnitTestResult executionId="d2577f93-7423-4543-9d3d-d8a9b64e79a6" testId="20ffe0d3-89f8-45ac-f4bb-b878e65c8903" testName="RakionServer.World.Tests.BotLifecycleTests.ResolveBotHitByHuman_IgnoredOutsidePvpPlay" computerName="JP" duration="00:00:00.0001971" startTime="2026-07-08T14:03:26.9062182-03:00" endTime="2026-07-08T14:03:26.9062182-03:00" testType="13cdc9d9-ddb5-4fa4-a97d-d965ccfc6d4b" outcome="Passed" testListId="8c84fa94-04c1-424b-9868-57a2d4851a1d" relativeResultsDirectory="d2577f93-7423-4543-9d3d-d8a9b64e79a6" />
    <UnitTestResult executionId="9f4319f9-c9f8-4bf1-95a4-e91cbf5533fb" testId="56a2bf62-f5df-329c-5e38-9a6a5fb4e7be" testName="RakionServer.World.Tests.BotMovementTests.AttackDatagram_CarriesActionId" computerName="JP" duration="00:00:00.0002694" startTime="2026-07-08T14:03:26.8952770-03:00" endTime="2026-07-08T14:03:26.8952770-03:00" testType="13cdc9d9-ddb5-4fa4-a97d-d965ccfc6d4b" outcome="Passed" testListId="8c84fa94-04c1-424b-9868-57a2d4851a1d" relativeResultsDirectory="9f4319f9-c9f8-4bf1-95a4-e91cbf5533fb" />
    <UnitTestResult executionId="1d37b6a7-e58d-42fa-ba4e-e8cd8b027836" testId="a5932e4b-9962-f7ed-e76b-62f7ca7652c2" testName="RakionServer.World.Tests.PeerCodecTests.Enum_MatchesSourceOrdinals(type: ReqConnectLocalSessionState, expected: 5)" computerName="JP" duration="00:00:00.0000015" startTime="2026-07-08T14:03:26.9013562-03:00" endTime="2026-07-08T14:03:26.9013563-03:00" testType="13cdc9d9-ddb5-4fa4-a97d-d965ccfc6d4b" outcome="Passed" testListId="8c84fa94-04c1-424b-9868-57a2d4851a1d" relativeResultsDirectory="1d37b6a7-e58d-42fa-ba4e-e8cd8b027836" />
    <UnitTestResult executionId="ba8a592a-d2e3-453b-8714-7a55f1f4d78d" testId="9ffe3f05-1ef7-b281-5b9a-1ea7e3827c0e" testName="RakionServer.World.Tests.LobbyFrameGoldenTests.StageEndResult_Clear_RealLen6_ZeroPad" computerName="JP" duration="00:00:00.0001990" startTime="2026-07-08T14:03:26.8933377-03:00" endTime="2026-07-08T14:03:26.8933377-03:00" testType="13cdc9d9-ddb5-4fa4-a97d-d965ccfc6d4b" outcome="Passed" testListId="8c84fa94-04c1-424b-9868-57a2d4851a1d" relativeResultsDirectory="ba8a592a-d2e3-453b-8714-7a55f1f4d78d" />
    <UnitTestResult executionId="e301ba42-d123-4174-bd6f-f5b0fb477c00" testId="04640c30-a0d1-5520-6426-6f8b9d72d7fe" testName="RakionServer.World.Tests.GolemObjectiveTests.DamageGolemTarget_GoldGate_DoesNotEndRound" computerName="JP" duration="00:00:00.0001596" startTime="2026-07-08T14:03:26.9003934-03:00" endTime="2026-07-08T14:03:26.9003934-03:00" testType="13cdc9d9-ddb5-4fa4-a97d-d965ccfc6d4b" outcome="Passed" testListId="8c84fa94-04c1-424b-9868-57a2d4851a1d" relativeResultsDirectory="e301ba42-d123-4174-bd6f-f5b0fb477c00" />
    <UnitTestResult executionId="2ba79658-a96e-4f19-8318-f293850693ea" testId="697d48b3-9f5e-ce95-fb80-ce95043b7448" testName="RakionServer.World.Tests.PeerCodecTests.Enum_MatchesSourceOrdinals(type: ReqConnectRemoteSessionState, expected: 7)" computerName="JP" duration="00:00:00.0000020" startTime="2026-07-08T14:03:26.9011934-03:00" endTime="2026-07-08T14:03:26.9011935-03:00" testType="13cdc9d9-ddb5-4fa4-a97d-d965ccfc6d4b" outcome="Passed" testListId="8c84fa94-04c1-424b-9868-57a2d4851a1d" relativeResultsDirectory="2ba79658-a96e-4f19-8318-f293850693ea" />
    <UnitTestResult executionId="329a8d03-f700-4aef-8202-5eb9a1ab6c43" testId="4bcce7fe-ac80-8017-bb3b-128aa2fbf92b" testName="RakionServer.World.Tests.RoomStateGoldenTests.PlayerRecord_EquipTail_OnlyInMemberJoinForm" computerName="JP" duration="00:00:00.1564228" startTime="2026-07-08T14:03:26.8900492-03:00" endTime="2026-07-08T14:03:26.8900493-03:00" testType="13cdc9d9-ddb5-4fa4-a97d-d965ccfc6d4b" outcome="Passed" testListId="8c84fa94-04c1-424b-9868-57a2d4851a1d" relativeResultsDirectory="329a8d03-f700-4aef-8202-5eb9a1ab6c43" />
    <UnitTestResult executionId="31f93a4f-028f-4a9e-95d9-f49681d58a2e" testId="860ff7b3-9137-8b92-5bf2-6dedbe8b2ef3" testName="RakionServer.World.Tests.PeerCodecTests.Enum_MatchesSourceOrdinals(type: RepDisconnected, expected: 48)" computerName="JP" duration="00:00:00.0000018" startTime="2026-07-08T14:03:26.9018537-03:00" endTime="2026-07-08T14:03:26.9018537-03:00" testType="13cdc9d9-ddb5-4fa4-a97d-d965ccfc6d4b" outcome="Passed" testListId="8c84fa94-04c1-424b-9868-57a2d4851a1d" relativeResultsDirectory="31f93a4f-028f-4a9e-95d9-f49681d58a2e" />
    <UnitTestResult executionId="4e7cefb2-6180-48ad-92d2-ba9ec0e35a44" testId="c0b5765d-47dd-0c8a-9468-77c296096e72" testName="RakionServer.World.Tests.LobbyFrameGoldenTests.Endpoints_LocalDefault_MatchesOriginal" computerName="JP" duration="00:00:00.0002194" startTime="2026-07-08T14:03:26.9049895-03:00" endTime="2026-07-08T14:03:26.9049896-03:00" testType="13cdc9d9-ddb5-4fa4-a97d-d965ccfc6d4b" outcome="Passed" testListId="8c84fa94-04c1-424b-9868-57a2d4851a1d" relativeResultsDirectory="4e7cefb2-6180-48ad-92d2-ba9ec0e35a44" />
    <UnitTestResult executionId="6c9abaf5-04b7-4326-bc11-52dc14375203" testId="5e7d07f8-3453-d3ec-4fee-9c32b6469a33" testName="RakionServer.World.Tests.PeerCodecTests.RoundTrip_SubMessage_SlongSizePrefixedBytes" computerName="JP" duration="00:00:00.0004596" startTime="2026-07-08T14:03:26.9034910-03:00" endTime="2026-07-08T14:03:26.9034910-03:00" testType="13cdc9d9-ddb5-4fa4-a97d-d965ccfc6d4b" outcome="Passed" testListId="8c84fa94-04c1-424b-9868-57a2d4851a1d" relativeResultsDirectory="6c9abaf5-04b7-4326-bc11-52dc14375203" />
    <UnitTestResult executionId="5acb555d-5280-4bf2-ae2e-f135029f0afd" testId="5fbec6cb-a1c9-7074-3d85-506ce5406970" testName="RakionServer.World.Tests.BotLifecycleTests.StartRound_RestoresBotHp_AndPromotesToPlaying" computerName="JP" duration="00:00:00.0002053" startTime="2026-07-08T14:03:26.9034014-03:00" endTime="2026-07-08T14:03:26.9034015-03:00" testType="13cdc9d9-ddb5-4fa4-a97d-d965ccfc6d4b" outcome="Passed" testListId="8c84fa94-04c1-424b-9868-57a2d4851a1d" relativeResultsDirectory="5acb555d-5280-4bf2-ae2e-f135029f0afd" />
    <UnitTestResult executionId="3e752bbb-ff3f-4dcc-a0f7-b11b4db7ff14" testId="2dd6d707-9cc3-8b2a-4f7c-172466dbd278" testName="RakionServer.World.Tests.BotLifecycleTests.AssignBotSeat_FallsBackToOtherTeam_WhenRequestedFull" computerName="JP" duration="00:00:00.0001909" startTime="2026-07-08T14:03:26.9069602-03:00" endTime="2026-07-08T14:03:26.9069603-03:00" testType="13cdc9d9-ddb5-4fa4-a97d-d965ccfc6d4b" outcome="Passed" testListId="8c84fa94-04c1-424b-9868-57a2d4851a1d" relativeResultsDirectory="3e752bbb-ff3f-4dcc-a0f7-b11b4db7ff14" />
    <UnitTestResult executionId="3438a709-b734-45ef-8430-e68c636ae13f" testId="517eff36-2943-a170-5834-1cd966b3a2fe" testName="RakionServer.World.Tests.BotMovementTests.ActionDatagram_IsKnown_AndWrapsBody" computerName="JP" duration="00:00:00.0009615" startTime="2026-07-08T14:03:26.8968184-03:00" endTime="2026-07-08T14:03:26.8968184-03:00" testType="13cdc9d9-ddb5-4fa4-a97d-d965ccfc6d4b" outcome="Passed" testListId="8c84fa94-04c1-424b-9868-57a2d4851a1d" relativeResultsDirectory="3438a709-b734-45ef-8430-e68c636ae13f" />
    <UnitTestResult executionId="0fd7f84b-a5a8-40a6-ab80-1f55c302203f" testId="9b413dc3-8960-b904-0065-94f12ee5bff5" testName="RakionServer.World.Tests.BotLifecycleTests.ApplyKnockback_DegenerateWhenColocated" computerName="JP" duration="00:00:00.0000933" startTime="2026-07-08T14:03:26.9072073-03:00" endTime="2026-07-08T14:03:26.9072073-03:00" testType="13cdc9d9-ddb5-4fa4-a97d-d965ccfc6d4b" outcome="Passed" testListId="8c84fa94-04c1-424b-9868-57a2d4851a1d" relativeResultsDirectory="0fd7f84b-a5a8-40a6-ab80-1f55c302203f" />
    <UnitTestResult executionId="15c85c5f-ff95-4564-a213-4578ac03c421" testId="090e8887-2944-7916-0028-ab38e71bd960" testName="RakionServer.World.Tests.BotProfileTests.Parse_RecognizesDifficultyTokens(cmd: &quot;/addbot hard&quot;, expected: Hard)" computerName="JP" duration="00:00:00.0002187" startTime="2026-07-08T14:03:26.8950849-03:00" endTime="2026-07-08T14:03:26.8950850-03:00" testType="13cdc9d9-ddb5-4fa4-a97d-d965ccfc6d4b" outcome="Passed" testListId="8c84fa94-04c1-424b-9868-57a2d4851a1d" relativeResultsDirectory="15c85c5f-ff95-4564-a213-4578ac03c421" />
    <UnitTestResult executionId="afb8f5e2-d664-42c7-b01d-24bba41e66f6" testId="b040ab98-e18d-66f8-937f-5b45029173b9" testName="RakionServer.World.Tests.BotProfileTests.Parse_RecognizesDifficultyTokens(cmd: &quot;/addbot facil&quot;, expected: Easy)" computerName="JP" duration="00:00:00.0000025" startTime="2026-07-08T14:03:26.8953733-03:00" endTime="2026-07-08T14:03:26.8953734-03:00" testType="13cdc9d9-ddb5-4fa4-a97d-d965ccfc6d4b" outcome="Passed" testListId="8c84fa94-04c1-424b-9868-57a2d4851a1d" relativeResultsDirectory="afb8f5e2-d664-42c7-b01d-24bba41e66f6" />
    <UnitTestResult executionId="f35c3792-6002-4463-b2e3-cd6d8d795ae1" testId="0d358fb2-1299-fd04-d69d-b49295ce61d4" testName="RakionServer.World.Tests.BotMovementTests.EncodeActionBody_FixesDecodedLayout" computerName="JP" duration="00:00:00.0002496" startTime="2026-07-08T14:03:26.8974562-03:00" endTime="2026-07-08T14:03:26.8974563-03:00" testType="13cdc9d9-ddb5-4fa4-a97d-d965ccfc6d4b" outcome="Passed" testListId="8c84fa94-04c1-424b-9868-57a2d4851a1d" relativeResultsDirectory="f35c3792-6002-4463-b2e3-cd6d8d795ae1" />
    <UnitTestResult executionId="5b074029-ce34-45ff-a9c2-6c1f716367e3" testId="a5053f5f-e648-a687-2e5f-07cee48cf6ee" testName="RakionServer.World.Tests.BuddyFrameGoldenTests.ChangeBuddyNameResult_LengthIsStrlenPlus6" computerName="JP" duration="00:00:00.0004586" startTime="2026-07-08T14:03:26.8924669-03:00" endTime="2026-07-08T14:03:26.8924669-03:00" testType="13cdc9d9-ddb5-4fa4-a97d-d965ccfc6d4b" outcome="Passed" testListId="8c84fa94-04c1-424b-9868-57a2d4851a1d" relativeResultsDirectory="5b074029-ce34-45ff-a9c2-6c1f716367e3" />
    <UnitTestResult executionId="47346640-448d-4160-8642-58d29f33f99b" testId="d8275dc1-49ff-42e7-1340-240352227b64" testName="RakionServer.World.Tests.PeerStreamTests.Handshake_Disconnected_GoesToFailed" computerName="JP" duration="00:00:00.0002407" startTime="2026-07-08T14:03:26.9141232-03:00" endTime="2026-07-08T14:03:26.9141233-03:00" testType="13cdc9d9-ddb5-4fa4-a97d-d965ccfc6d4b" outcome="Passed" testListId="8c84fa94-04c1-424b-9868-57a2d4851a1d" relativeResultsDirectory="47346640-448d-4160-8642-58d29f33f99b" />
    <UnitTestResult executionId="6da86942-e2b3-4eb1-aa3e-9701259ad227" testId="02ac9dc4-484c-2a23-947b-16604fa38d2b" testName="RakionServer.World.Tests.BuddyFrameGoldenTests.UserState_Online_TwoEqualPairs_NetworkOrder" computerName="JP" duration="00:00:00.0008764" startTime="2026-07-08T14:03:26.8959065-03:00" endTime="2026-07-08T14:03:26.8959066-03:00" testType="13cdc9d9-ddb5-4fa4-a97d-d965ccfc6d4b" outcome="Passed" testListId="8c84fa94-04c1-424b-9868-57a2d4851a1d" relativeResultsDirectory="6da86942-e2b3-4eb1-aa3e-9701259ad227" />
    <UnitTestResult executionId="6cb67fb2-5c5d-4e90-a0e6-128c87470672" testId="28c5f476-ffa2-6e16-187b-416d1e674cbb" testName="RakionServer.World.Tests.PeerCodecTests.Enum_MatchesSourceOrdinals(type: RepCrcCheck, expected: 13)" computerName="JP" duration="00:00:00.0000019" startTime="2026-07-08T14:03:26.9010470-03:00" endTime="2026-07-08T14:03:26.9010470-03:00" testType="13cdc9d9-ddb5-4fa4-a97d-d965ccfc6d4b" outcome="Passed" testListId="8c84fa94-04c1-424b-9868-57a2d4851a1d" relativeResultsDirectory="6cb67fb2-5c5d-4e90-a0e6-128c87470672" />
    <UnitTestResult executionId="7df71b19-5ee5-40a5-86d0-19486a226d87" testId="03d2e01c-70c8-ca77-f7a5-549ba881fc2a" testName="RakionServer.World.Tests.PeerCodecTests.PlayerCharacter_WireLayout_IsName_Team_Guid16_Appearance32_NoPlc4" computerName="JP" duration="00:00:00.1664233" startTime="2026-07-08T14:03:26.8998703-03:00" endTime="2026-07-08T14:03:26.8998704-03:00" testType="13cdc9d9-ddb5-4fa4-a97d-d965ccfc6d4b" outcome="Passed" testListId="8c84fa94-04c1-424b-9868-57a2d4851a1d" relativeResultsDirectory="7df71b19-5ee5-40a5-86d0-19486a226d87" />
    <UnitTestResult executionId="5685f563-5d62-4a95-a074-3bd4985ed950" testId="eb0fb6ba-5651-d714-4071-e01e5e886e17" testName="RakionServer.World.Tests.BotMovementTests.AliveFlagDatagram_ReproducesCapturedAnnounce" computerName="JP" duration="00:00:00.0009959" startTime="2026-07-08T14:03:26.8997213-03:00" endTime="2026-07-08T14:03:26.8997214-03:00" testType="13cdc9d9-ddb5-4fa4-a97d-d965ccfc6d4b" outcome="Passed" testListId="8c84fa94-04c1-424b-9868-57a2d4851a1d" relativeResultsDirectory="5685f563-5d62-4a95-a074-3bd4985ed950" />
    <UnitTestResult executionId="1d9aeaea-68b3-4073-8be4-4e543f83db15" testId="88a9f280-d07d-19d5-b070-d64d39800a78" testName="RakionServer.World.Tests.LobbyFrameGoldenTests.GameGuard_MatchesOriginal" computerName="JP" duration="00:00:00.0002676" startTime="2026-07-08T14:03:26.9044211-03:00" endTime="2026-07-08T14:03:26.9044211-03:00" testType="13cdc9d9-ddb5-4fa4-a97d-d965ccfc6d4b" outcome="Passed" testListId="8c84fa94-04c1-424b-9868-57a2d4851a1d" relativeResultsDirectory="1d9aeaea-68b3-4073-8be4-4e543f83db15" />
    <UnitTestResult executionId="899a6593-f567-453f-a5bd-365ddec94171" testId="bfb97d1d-927b-f41b-7613-7a89bb79217f" testName="RakionServer.World.Tests.EnchantConfigTests.CharmJewel_RaisesChance" computerName="JP" duration="00:00:00.0000657" startTime="2026-07-08T14:03:26.8991985-03:00" endTime="2026-07-08T14:03:26.8991985-03:00" testType="13cdc9d9-ddb5-4fa4-a97d-d965ccfc6d4b" outcome="Passed" testListId="8c84fa94-04c1-424b-9868-57a2d4851a1d" relativeResultsDirectory="899a6593-f567-453f-a5bd-365ddec94171" />
    <UnitTestResult executionId="b7d01c19-75ef-4835-9f45-0c0e2415796e" testId="8ddf93ab-1550-14e1-63bc-1ed42595553d" testName="RakionServer.World.Tests.BuddyIdentityTests.DoisClientes_CadaBuddyCasaComSeuWorld" computerName="JP" duration="00:00:00.0001369" startTime="2026-07-08T14:03:26.8965821-03:00" endTime="2026-07-08T14:03:26.8965821-03:00" testType="13cdc9d9-ddb5-4fa4-a97d-d965ccfc6d4b" outcome="Passed" testListId="8c84fa94-04c1-424b-9868-57a2d4851a1d" relativeResultsDirectory="b7d01c19-75ef-4835-9f45-0c0e2415796e" />
    <UnitTestResult executionId="9514e9a3-cc68-4c54-ab32-35e68dc711d4" testId="d3c832c3-b39d-62d0-39e1-76631b29f20e" testName="RakionServer.World.Tests.LobbyFrameGoldenTests.ChannelUserRemove_Is0x20WithSlotIdx" computerName="JP" duration="00:00:00.0001285" startTime="2026-07-08T14:03:26.8940625-03:00" endTime="2026-07-08T14:03:26.8940626-03:00" testType="13cdc9d9-ddb5-4fa4-a97d-d965ccfc6d4b" outcome="Passed" testListId="8c84fa94-04c1-424b-9868-57a2d4851a1d" relativeResultsDirectory="9514e9a3-cc68-4c54-ab32-35e68dc711d4" />
    <UnitTestResult executionId="1d93b7b4-a7d2-4a74-b5cf-3b664eff6c6d" testId="c58471ab-2aa1-cc9a-ceca-35510e4296a7" testName="RakionServer.World.Tests.BotLifecycleTests.DueForRespawn_SchedulesOnDeath_ThenFiresAfterDelay" computerName="JP" duration="00:00:00.0001781" startTime="2026-07-08T14:03:26.9050602-03:00" endTime="2026-07-08T14:03:26.9050602-03:00" testType="13cdc9d9-ddb5-4fa4-a97d-d965ccfc6d4b" outcome="Passed" testListId="8c84fa94-04c1-424b-9868-57a2d4851a1d" relativeResultsDirectory="1d93b7b4-a7d2-4a74-b5cf-3b664eff6c6d" />
    <UnitTestResult executionId="c34311ad-16a7-46f5-8cae-93d2a5e575c6" testId="e1f2d6ea-48b1-2b7d-7a2a-990213043abc" testName="RakionServer.World.Tests.BotMovementChainTests.BotAttack_0x311_IsRelayed_NotArbitratedAgainstTheBotItself" computerName="JP" duration="00:00:00.1185842" startTime="2026-07-08T14:03:32.0562791-03:00" endTime="2026-07-08T14:03:32.0562793-03:00" testType="13cdc9d9-ddb5-4fa4-a97d-d965ccfc6d4b" outcome="Passed" testListId="8c84fa94-04c1-424b-9868-57a2d4851a1d" relativeResultsDirectory="c34311ad-16a7-46f5-8cae-93d2a5e575c6" />
    <UnitTestResult executionId="155acc96-9707-4aa6-ad47-f9fd78b515a3" testId="ce5c80e2-310f-7e13-b025-a56ad3deb4b5" testName="RakionServer.World.Tests.PeerCodecTests.Enum_MatchesSourceOrdinals(type: SeqAllActions, expected: 21)" computerName="JP" duration="00:00:00.0000017" startTime="2026-07-08T14:03:26.9017827-03:00" endTime="2026-07-08T14:03:26.9017828-03:00" testType="13cdc9d9-ddb5-4fa4-a97d-d965ccfc6d4b" outcome="Passed" testListId="8c84fa94-04c1-424b-9868-57a2d4851a1d" relativeResultsDirectory="155acc96-9707-4aa6-ad47-f9fd78b515a3" />
    <UnitTestResult executionId="448c2872-9387-41d9-a026-be9b6b003809" testId="feb27784-876c-5ad9-f782-7134a40b8166" testName="RakionServer.World.Tests.PeerCodecTests.Enum_MatchesSourceOrdinals(type: Extra, expected: 47)" computerName="JP" duration="00:00:00.0000019" startTime="2026-07-08T14:03:26.9011166-03:00" endTime="2026-07-08T14:03:26.9011167-03:00" testType="13cdc9d9-ddb5-4fa4-a97d-d965ccfc6d4b" outcome="Passed" testListId="8c84fa94-04c1-424b-9868-57a2d4851a1d" relativeResultsDirectory="448c2872-9387-41d9-a026-be9b6b003809" />
    <UnitTestResult executionId="74ca8217-a4e3-43a3-8d71-8aa13d2abad6" testId="92956ed8-1ce2-c5e8-1e90-5dd6edec8119" testName="RakionServer.World.Tests.CharListWriterGoldenTests.Synthesizes_OneChar_LikeOriginal" computerName="JP" duration="00:00:00.0004424" startTime="2026-07-08T14:03:26.9028004-03:00" endTime="2026-07-08T14:03:26.9028005-03:00" testType="13cdc9d9-ddb5-4fa4-a97d-d965ccfc6d4b" outcome="Passed" testListId="8c84fa94-04c1-424b-9868-57a2d4851a1d" relativeResultsDirectory="74ca8217-a4e3-43a3-8d71-8aa13d2abad6" />
    <UnitTestResult executionId="70c17a31-a1ad-4396-a33f-84e6f30cda65" testId="912a6ff0-29a3-93af-a024-50fe0a3607a7" testName="RakionServer.World.Tests.PeerStreamTests.CrcEngine_OfBytes_MatchesStandardCrc32Vector" computerName="JP" duration="00:00:00.0216313" startTime="2026-07-08T14:03:26.7527192-03:00" endTime="2026-07-08T14:03:26.7527346-03:00" testType="13cdc9d9-ddb5-4fa4-a97d-d965ccfc6d4b" outcome="Passed" testListId="8c84fa94-04c1-424b-9868-57a2d4851a1d" relativeResultsDirectory="70c17a31-a1ad-4396-a33f-84e6f30cda65" />
    <UnitTestResult executionId="3180f3a6-696c-4781-83f0-fefe563bcfca" testId="48a1e4b7-e92f-4e60-a26c-3c00dbf9f1bf" testName="RakionServer.World.Tests.GolemObjectiveTests.DamageGolemTarget_EnemyMaster_EndsRound_CreditingTeam" computerName="JP" duration="00:00:00.1658050" startTime="2026-07-08T14:03:26.8997009-03:00" endTime="2026-07-08T14:03:26.8997009-03:00" testType="13cdc9d9-ddb5-4fa4-a97d-d965ccfc6d4b" outcome="Passed" testListId="8c84fa94-04c1-424b-9868-57a2d4851a1d" relativeResultsDirectory="3180f3a6-696c-4781-83f0-fefe563bcfca" />
    <UnitTestResult executionId="d5eaba4e-8190-4065-9b0d-dbbeee88fb9c" testId="6929061d-973d-3559-8504-507ca7e5b394" testName="RakionServer.World.Tests.PeerStreamTests.ReliableStream_RoundTrips_MultipleMessages_InOrder" computerName="JP" duration="00:00:00.1332997" startTime="2026-07-08T14:03:26.8901024-03:00" endTime="2026-07-08T14:03:26.8901025-03:00" testType="13cdc9d9-ddb5-4fa4-a97d-d965ccfc6d4b" outcome="Passed" testListId="8c84fa94-04c1-424b-9868-57a2d4851a1d" relativeResultsDirectory="d5eaba4e-8190-4065-9b0d-dbbeee88fb9c" />
    <UnitTestResult executionId="26ea9f4f-958c-4d2a-a621-898915275404" testId="2a566bec-c5c5-f20b-f164-8a21df67f125" testName="RakionServer.World.Tests.PeerStreamTests.CrcEngine_CombineFileList_IsOrderSensitive_AndDeterministic" computerName="JP" duration="00:00:00.0008272" startTime="2026-07-08T14:03:26.9185162-03:00" endTime="2026-07-08T14:03:26.9185163-03:00" testType="13cdc9d9-ddb5-4fa4-a97d-d965ccfc6d4b" outcome="Passed" testListId="8c84fa94-04c1-424b-9868-57a2d4851a1d" relativeResultsDirectory="26ea9f4f-958c-4d2a-a621-898915275404" />
    <UnitTestResult executionId="4e77ac6d-5d5c-4bc4-94d2-0d998c464542" testId="76af9734-2fdc-bced-32f9-a7550149656e" testName="RakionServer.World.Tests.PeerCodecTests.Reader_ForgedSubMessageSize_DoesNotOverflowBuffer" computerName="JP" duration="00:00:00.0001108" startTime="2026-07-08T14:03:26.9070758-03:00" endTime="2026-07-08T14:03:26.9070759-03:00" testType="13cdc9d9-ddb5-4fa4-a97d-d965ccfc6d4b" outcome="Passed" testListId="8c84fa94-04c1-424b-9868-57a2d4851a1d" relativeResultsDirectory="4e77ac6d-5d5c-4bc4-94d2-0d998c464542" />
    <UnitTestResult executionId="4fcf9af2-9180-47b1-a77c-c5f377eb3477" testId="4d63a0b5-b95e-6d62-cf8f-963facab2360" testName="RakionServer.World.Tests.PeerCodecTests.Enum_MatchesSourceOrdinals(type: SeqAddPlayer, expected: 22)" computerName="JP" duration="00:00:00.0000017" startTime="2026-07-08T14:03:26.9018245-03:00" endTime="2026-07-08T14:03:26.9018246-03:00" testType="13cdc9d9-ddb5-4fa4-a97d-d965ccfc6d4b" outcome="Passed" testListId="8c84fa94-04c1-424b-9868-57a2d4851a1d" relativeResultsDirectory="4fcf9af2-9180-47b1-a77c-c5f377eb3477" />
    <UnitTestResult executionId="1c851436-c8a7-4652-b3e5-2c382e5973b6" testId="32c1a2f7-13ea-aa9d-56e9-824723c57f4f" testName="RakionServer.World.Tests.BotLockstepTests.Ack_ao_push_real_do_host_para_o_bot" computerName="JP" duration="00:00:00.0005351" startTime="2026-07-08T14:03:26.8924141-03:00" endTime="2026-07-08T14:03:26.8924142-03:00" testType="13cdc9d9-ddb5-4fa4-a97d-d965ccfc6d4b" outcome="Passed" testListId="8c84fa94-04c1-424b-9868-57a2d4851a1d" relativeResultsDirectory="1c851436-c8a7-4652-b3e5-2c382e5973b6" />
    <UnitTestResult executionId="0a5cb95a-dd75-45e8-b8b2-4d86b2f9df1f" testId="c7b7884c-689f-f841-6da0-459a9e856de2" testName="RakionServer.World.Tests.BotLifecycleTests.RemoveAllBots_ClearsSeats_AndReturnsCount" computerName="JP" duration="00:00:00.0003345" startTime="2026-07-08T14:03:26.9057267-03:00" endTime="2026-07-08T14:03:26.9057267-03:00" testType="13cdc9d9-ddb5-4fa4-a97d-d965ccfc6d4b" outcome="Passed" testListId="8c84fa94-04c1-424b-9868-57a2d4851a1d" relativeResultsDirectory="0a5cb95a-dd75-45e8-b8b2-4d86b2f9df1f" />
    <UnitTestResult executionId="a8e61042-662a-495a-b62d-d273dc599ab9" testId="6c78105d-fd7e-6047-d4c3-82c088bfd1a4" testName="RakionServer.World.Tests.PeerStreamTests.BotPeer_FullHandshake_OverWire_ReachesEstablishedAndGate" computerName="JP" duration="00:00:00.0017102" startTime="2026-07-08T14:03:26.9170479-03:00" endTime="2026-07-08T14:03:26.9170480-03:00" testType="13cdc9d9-ddb5-4fa4-a97d-d965ccfc6d4b" outcome="Passed" testListId="8c84fa94-04c1-424b-9868-57a2d4851a1d" relativeResultsDirectory="a8e61042-662a-495a-b62d-d273dc599ab9" />
    <UnitTestResult executionId="8734a54b-8f54-4982-a2e2-239f46d9ca5a" testId="87809110-c641-70ff-de37-e452f0e6fb25" testName="RakionServer.World.Tests.BuddyIdentityTests.ListaVazia_MenosUm" computerName="JP" duration="00:00:00.0001008" startTime="2026-07-08T14:03:26.8967324-03:00" endTime="2026-07-08T14:03:26.8967325-03:00" testType="13cdc9d9-ddb5-4fa4-a97d-d965ccfc6d4b" outcome="Passed" testListId="8c84fa94-04c1-424b-9868-57a2d4851a1d" relativeResultsDirectory="8734a54b-8f54-4982-a2e2-239f46d9ca5a" />
    <UnitTestResult executionId="9f1724f9-d1e3-4df5-b9e9-b3f1b5d941dd" testId="981b9997-74c8-5cbd-c574-a220fa666c98" testName="RakionServer.World.Tests.PeerCodecTests.BotCharacterFactory_Appearance_IsNonZero" computerName="JP" duration="00:00:00.0001672" startTime="2026-07-08T14:03:26.9072457-03:00" endTime="2026-07-08T14:03:26.9072458-03:00" testType="13cdc9d9-ddb5-4fa4-a97d-d965ccfc6d4b" outcome="Passed" testListId="8c84fa94-04c1-424b-9868-57a2d4851a1d" relativeResultsDirectory="9f1724f9-d1e3-4df5-b9e9-b3f1b5d941dd" />
    <UnitTestResult executionId="916bec2c-cef5-4f45-b2a3-7822bed910e4" testId="0ee1ed55-1108-2acf-bbf4-876c2f306713" testName="RakionServer.World.Tests.BotMovementTests.EncodeNpcMoveBody_FixesType2Layout_PackedPos" computerName="JP" duration="00:00:00.0004023" startTime="2026-07-08T14:03:26.8960280-03:00" endTime="2026-07-08T14:03:26.8960280-03:00" testType="13cdc9d9-ddb5-4fa4-a97d-d965ccfc6d4b" outcome="Passed" testListId="8c84fa94-04c1-424b-9868-57a2d4851a1d" relativeResultsDirectory="916bec2c-cef5-4f45-b2a3-7822bed910e4" />
    <UnitTestResult executionId="7d31f0f8-79a1-4eaa-9ae2-c1d1d5027d64" testId="9afdfcd1-4a96-f0a4-37aa-46c278dff378" testName="RakionServer.World.Tests.PeerStreamTests.Handshake_DrivesFullSequence_ToEstablished_SendingConnectPlayer" computerName="JP" duration="00:00:00.0173061" startTime="2026-07-08T14:03:26.9138444-03:00" endTime="2026-07-08T14:03:26.9138446-03:00" testType="13cdc9d9-ddb5-4fa4-a97d-d965ccfc6d4b" outcome="Passed" testListId="8c84fa94-04c1-424b-9868-57a2d4851a1d" relativeResultsDirectory="7d31f0f8-79a1-4eaa-9ae2-c1d1d5027d64" />
    <UnitTestResult executionId="43d4c60d-2766-4eba-b415-5dab74b6acb7" testId="469e68c8-83f9-345d-54a7-2f3853d5bf5b" testName="RakionServer.World.Tests.BotLifecycleTests.DueForRespawn_FalseWhileAlive" computerName="JP" duration="00:00:00.0022135" startTime="2026-07-08T14:03:26.9028731-03:00" endTime="2026-07-08T14:03:26.9028731-03:00" testType="13cdc9d9-ddb5-4fa4-a97d-d965ccfc6d4b" outcome="Passed" testListId="8c84fa94-04c1-424b-9868-57a2d4851a1d" relativeResultsDirectory="43d4c60d-2766-4eba-b415-5dab74b6acb7" />
    <UnitTestResult executionId="99f4827d-976c-436b-bdaa-45649eeb11e2" testId="738c7950-eef5-e00a-6868-dda7f5ddb29c" testName="RakionServer.World.Tests.GolemObjectiveTests.DamageGoldGolem_ReturnsTrueOnlyWhenDepleted" computerName="JP" duration="00:00:00.0001481" startTime="2026-07-08T14:03:26.8998233-03:00" endTime="2026-07-08T14:03:26.8998233-03:00" testType="13cdc9d9-ddb5-4fa4-a97d-d965ccfc6d4b" outcome="Passed" testListId="8c84fa94-04c1-424b-9868-57a2d4851a1d" relativeResultsDirectory="99f4827d-976c-436b-bdaa-45649eeb11e2" />
    <UnitTestResult executionId="ce8e9485-1fd3-438f-9ba4-1958abfb8a24" testId="25fc6d11-e3c6-3be1-6322-5b246cd142b8" testName="RakionServer.World.Tests.PeerCodecTests.ConnectRemoteRequest_MagicOnWireBytes_AreLittleEndianOfValue" computerName="JP" duration="00:00:00.0001279" startTime="2026-07-08T14:03:26.9065054-03:00" endTime="2026-07-08T14:03:26.9065055-03:00" testType="13cdc9d9-ddb5-4fa4-a97d-d965ccfc6d4b" outcome="Passed" testListId="8c84fa94-04c1-424b-9868-57a2d4851a1d" relativeResultsDirectory="ce8e9485-1fd3-438f-9ba4-1958abfb8a24" />
    <UnitTestResult executionId="aa4dfca3-9db0-4142-b5f9-089a936570e5" testId="6990d115-03f0-70d9-7e0e-4240bb6a18e8" testName="RakionServer.World.Tests.PeerCodecTests.ConnectRemoteRequest_RoundTrips_ThroughReader" computerName="JP" duration="00:00:00.0046381" startTime="2026-07-08T14:03:26.9034408-03:00" endTime="2026-07-08T14:03:26.9034408-03:00" testType="13cdc9d9-ddb5-4fa4-a97d-d965ccfc6d4b" outcome="Passed" testListId="8c84fa94-04c1-424b-9868-57a2d4851a1d" relativeResultsDirectory="aa4dfca3-9db0-4142-b5f9-089a936570e5" />
    <UnitTestResult executionId="c76912ed-b15b-4000-8c91-281fba192c83" testId="606585ac-b4cc-b5d7-71da-22ba5726937d" testName="RakionServer.World.Tests.BotMovementTests.EncodeActionBody_NormalizesHeadingToSignedDegrees" computerName="JP" duration="00:00:00.0026811" startTime="2026-07-08T14:03:26.8950501-03:00" endTime="2026-07-08T14:03:26.8950502-03:00" testType="13cdc9d9-ddb5-4fa4-a97d-d965ccfc6d4b" outcome="Passed" testListId="8c84fa94-04c1-424b-9868-57a2d4851a1d" relativeResultsDirectory="c76912ed-b15b-4000-8c91-281fba192c83" />
    <UnitTestResult executionId="3efaf58a-cb71-48eb-ab6e-bfc79f094f92" testId="ad1700c9-4bc5-fc86-e686-017a0e77be3b" testName="RakionServer.World.Tests.BotProfileTests.MoveToward_RampsTowardProfileSpeed" computerName="JP" duration="00:00:00.0003171" startTime="2026-07-08T14:03:26.8960727-03:00" endTime="2026-07-08T14:03:26.8960728-03:00" testType="13cdc9d9-ddb5-4fa4-a97d-d965ccfc6d4b" outcome="Passed" testListId="8c84fa94-04c1-424b-9868-57a2d4851a1d" relativeResultsDirectory="3efaf58a-cb71-48eb-ab6e-bfc79f094f92" />
    <UnitTestResult executionId="dbfbd7fd-67f7-4ab5-bba8-5aeb6985712e" testId="26987d16-ae59-6513-a513-62ec8de4fd9c" testName="RakionServer.World.Tests.PeerStreamTests.WireFrames_IsReliableFrame_DiscriminatesByType" computerName="JP" duration="00:00:00.0001463" startTime="2026-07-08T14:03:26.9172240-03:00" endTime="2026-07-08T14:03:26.9172240-03:00" testType="13cdc9d9-ddb5-4fa4-a97d-d965ccfc6d4b" outcome="Passed" testListId="8c84fa94-04c1-424b-9868-57a2d4851a1d" relativeResultsDirectory="dbfbd7fd-67f7-4ab5-bba8-5aeb6985712e" />
    <UnitTestResult executionId="1acc9870-c228-4996-a445-29306f0f23f0" testId="bdd3a162-a424-1afe-dc1c-1283730638e9" testName="RakionServer.World.Tests.IpcCrcTests.GameplayUdp_FailsCrc(pkt: [0, 64, 110, 1, 0, ···])" computerName="JP" duration="00:00:00.0001933" startTime="2026-07-08T14:03:26.8810807-03:00" endTime="2026-07-08T14:03:26.8810807-03:00" testType="13cdc9d9-ddb5-4fa4-a97d-d965ccfc6d4b" outcome="Passed" testListId="8c84fa94-04c1-424b-9868-57a2d4851a1d" relativeResultsDirectory="1acc9870-c228-4996-a445-29306f0f23f0" />
    <UnitTestResult executionId="e019446c-7ea4-4fec-9b55-3d8df2cd4f08" testId="94945f67-69a2-e98e-8d90-4ee47afc8e91" testName="RakionServer.World.Tests.LobbyFrameGoldenTests.SessionInfo_FullName_MatchesOriginalCapture" computerName="JP" duration="00:00:00.0001553" startTime="2026-07-08T14:03:26.8933871-03:00" endTime="2026-07-08T14:03:26.8933872-03:00" testType="13cdc9d9-ddb5-4fa4-a97d-d965ccfc6d4b" outcome="Passed" testListId="8c84fa94-04c1-424b-9868-57a2d4851a1d" relativeResultsDirectory="e019446c-7ea4-4fec-9b55-3d8df2cd4f08" />
    <UnitTestResult executionId="e5089121-8915-4680-b12d-830010019a56" testId="90e01ba0-a860-94e1-4506-6474c5a4f728" testName="RakionServer.World.Tests.LobbyFrameGoldenTests.GameListEmpty_RealLen3_ZeroPad" computerName="JP" duration="00:00:00.0001284" startTime="2026-07-08T14:03:26.8939934-03:00" endTime="2026-07-08T14:03:26.8939934-03:00" testType="13cdc9d9-ddb5-4fa4-a97d-d965ccfc6d4b" outcome="Passed" testListId="8c84fa94-04c1-424b-9868-57a2d4851a1d" relativeResultsDirectory="e5089121-8915-4680-b12d-830010019a56" />
    <UnitTestResult executionId="ae4d4e8a-feea-4f4c-bcfd-807723f0d56a" testId="7d7f25ba-28da-1e47-3be7-d0469d172cfc" testName="RakionServer.World.Tests.PeerCodecTests.TypeOnly_IsSingleTypeByte" computerName="JP" duration="00:00:00.0001045" startTime="2026-07-08T14:03:26.9070254-03:00" endTime="2026-07-08T14:03:26.9070254-03:00" testType="13cdc9d9-ddb5-4fa4-a97d-d965ccfc6d4b" outcome="Passed" testListId="8c84fa94-04c1-424b-9868-57a2d4851a1d" relativeResultsDirectory="ae4d4e8a-feea-4f4c-bcfd-807723f0d56a" />
    <UnitTestResult executionId="f5eb6502-c3f8-4996-a382-fe3729f43498" testId="37485d54-7c32-7d94-9dd1-a6a7a37fa371" testName="RakionServer.World.Tests.BotProfileTests.Parse_RecognizesDifficultyTokens(cmd: &quot;/addbot&quot;, expected: Normal)" computerName="JP" duration="00:00:00.0000056" startTime="2026-07-08T14:03:26.8952017-03:00" endTime="2026-07-08T14:03:26.8952018-03:00" testType="13cdc9d9-ddb5-4fa4-a97d-d965ccfc6d4b" outcome="Passed" testListId="8c84fa94-04c1-424b-9868-57a2d4851a1d" relativeResultsDirectory="f5eb6502-c3f8-4996-a382-fe3729f43498" />
    <UnitTestResult executionId="40e8bc60-3240-4f82-99fc-143c874bbe4d" testId="04519950-63a6-aea4-c078-cfa062aeb924" testName="RakionServer.World.Tests.PeerCodecTests.Reader_OverRead_DoesNotThrow_SetsOverflowAndZero" computerName="JP" duration="00:00:00.0002725" startTime="2026-07-08T14:03:26.9064213-03:00" endTime="2026-07-08T14:03:26.9064214-03:00" testType="13cdc9d9-ddb5-4fa4-a97d-d965ccfc6d4b" outcome="Passed" testListId="8c84fa94-04c1-424b-9868-57a2d4851a1d" relativeResultsDirectory="40e8bc60-3240-4f82-99fc-143c874bbe4d" />
[...]
14:03:28.763 [DBG ] [jornada] 0x030A MOVE BOT 0B :: RELAY do BOT srcSlot=10 -&gt; 1 humano(s)&#xD;
14:03:28.763 [DBG ] [udp] RX 14B de 127.0.0.1:41001: 0F032F0000000A0A080001000300&#xD;
14:03:28.763 [OK  ] [udp] GAMEPLAY RX 14B type=0x030F de 127.0.0.1:41001 data=0F032F0000000A0A080001000300&#xD;
14:03:28.763 [DBG ] [jornada] 0x030F KEYSTATE BOT 0B :: RELAY do BOT srcSlot=10 -&gt; 1 humano(s)&#xD;
14:03:28.886 [DBG ] [udp] RX 26B de 127.0.0.1:41001: 0A03310000000A64000A0078EC00000000B40010000000000000&#xD;
14:03:28.886 [OK  ] [udp] GAMEPLAY RX 26B type=0x030A de 127.0.0.1:41001 data=0A03310000000A64000A0078EC00000000B40010000000000000&#xD;
14:03:28.886 [DBG ] [jornada] 0x030A MOVE BOT 0B :: RELAY do BOT srcSlot=10 -&gt; 1 humano(s)&#xD;
14:03:28.887 [DBG ] [udp] RX 14B de 127.0.0.1:41001: 0F03320000000A0A080001000300&#xD;
14:03:28.887 [OK  ] [udp] GAMEPLAY RX 14B type=0x030F de 127.0.0.1:41001 data=0F03320000000A0A080001000300&#xD;
14:03:28.887 [DBG ] [jornada] 0x030F KEYSTATE BOT 0B :: RELAY do BOT srcSlot=10 -&gt; 1 humano(s)&#xD;
14:03:28.949 [OK  ] [bot] decis�o field 0 seat 10 [Normal]: OBJETIVO (alvo seat 0, rota wp 0/3, map 210, pos -50,0,0,0)&#xD;
14:03:29.012 [DBG ] [udp] RX 26B de 127.0.0.1:41001: 0A03340000000A64000A0078EC00000000B40011000000000000&#xD;
14:03:29.012 [OK  ] [udp] GAMEPLAY RX 26B type=0x030A de 127.0.0.1:41001 data=0A03340000000A64000A0078EC00000000B40011000000000000&#xD;
14:03:29.013 [DBG ] [jornada] 0x030A MOVE BOT 0B :: RELAY do BOT srcSlot=10 -&gt; 1 humano(s)&#xD;
14:03:29.013 [DBG ] [udp] RX 14B de 127.0.0.1:41001: 0F03350000000A0A080001000300&#xD;
14:03:29.013 [OK  ] [udp] GAMEPLAY RX 14B type=0x030F de 127.0.0.1:41001 data=0F03350000000A0A080001000300&#xD;
14:03:29.013 [DBG ] [jornada] 0x030F KEYSTATE BOT 0B :: RELAY do BOT srcSlot=10 -&gt; 1 humano(s)&#xD;
14:03:29.137 [DBG ] [udp] RX 26B de 127.0.0.1:41001: 0A03370000000A64002A0085EC00000000A6FF12000000000000&#xD;
14:03:29.137 [OK  ] [udp] GAMEPLAY RX 26B type=0x030A de 127.0.0.1:41001 data=0A03370000000A64002A0085EC00000000A6FF12000000000000&#xD;
14:03:29.137 [DBG ] [jornada] 0x030A MOVE BOT 0B :: RELAY do BOT srcSlot=10 -&gt; 1 humano(s)&#xD;
14:03:29.137 [DBG ] [udp] RX 14B de 127.0.0.1:41001: 0F03380000000A0A080001000001&#xD;
14:03:29.137 [OK  ] [udp] GAMEPLAY RX 14B type=0x030F de 127.0.0.1:41001 data=0F03380000000A0A080001000001&#xD;
14:03:29.137 [DBG ] [jornada] 0x030F KEYSTATE BOT 0B :: RELAY do BOT srcSlot=10 -&gt; 1 humano(s)&#xD;
14:03:29.200 [OK  ] [bot] decis�o field 0 seat 10 [Normal]: OBJETIVO (alvo seat 0, rota wp 0/3, map 210, pos -49,9,0,0)&#xD;
14:03:29.261 [DBG ] [udp] RX 26B de 127.0.0.1:41001: 0A033A0000000A64002A009FEC00000000A6FF13000000000000&#xD;
14:03:29.261 [OK  ] [udp] GAMEPLAY RX 26B type=0x030A de 127.0.0.1:41001 data=0A033A0000000A64002A009FEC00000000A6FF13000000000000&#xD;
14:03:29.261 [DBG ] [jornada] 0x030A MOVE BOT 0B :: RELAY do BOT srcSlot=10 -&gt; 1 humano(s)&#xD;
14:03:29.261 [DBG ] [udp] RX 14B de 127.0.0.1:41001: 0F033B0000000A0A080001000001&#xD;
14:03:29.261 [OK  ] [udp] GAMEPLAY RX 14B type=0x030F de 127.0.0.1:41001 data=0F033B0000000A0A080001000001&#xD;
14:03:29.261 [DBG ] [jornada] 0x030F KEYSTATE BOT 0B :: RELAY do BOT srcSlot=10 -&gt; 1 humano(s)&#xD;
14:03:29.384 [DBG ] [udp] RX 26B de 127.0.0.1:41001: 0A033D0000000A64002A00C6EC00000000A6FF14000000000000&#xD;
14:03:29.385 [OK  ] [udp] GAMEPLAY RX 26B type=0x030A de 127.0.0.1:41001 data=0A033D0000000A64002A00C6EC00000000A6FF14000000000000&#xD;
14:03:29.385 [DBG ] [jornada] 0x030A MOVE BOT 0B :: RELAY do BOT srcSlot=10 -&gt; 1 humano(s)&#xD;
14:03:29.385 [DBG ] [udp] RX 14B de 127.0.0.1:41001: 0F033E0000000A0A080001000001&#xD;
14:03:29.385 [OK  ] [udp] GAMEPLAY RX 14B type=0x030F de 127.0.0.1:41001 data=0F033E0000000A0A080001000001&#xD;
14:03:29.385 [DBG ] [jornada] 0x030F KEYSTATE BOT 0B :: RELAY do BOT srcSlot=10 -&gt; 1 humano(s)&#xD;
14:03:29.447 [OK  ] [bot] decis�o field 0 seat 10 [Normal]: OBJETIVO (alvo seat 0, rota wp 0/3, map 210, pos -49,2,0,0)&#xD;
14:03:29.512 [DBG ] [udp] RX 26B de 127.0.0.1:41001: 0A03400000000A64002A00FAEC00000000A6FF15000000000000&#xD;
14:03:29.512 [OK  ] [udp] GAMEPLAY RX 26B type=0x030A de 127.0.0.1:41001 data=0A03400000000A64002A00FAEC00000000A6FF15000000000000&#xD;
14:03:29.512 [DBG ] [jornada] 0x030A MOVE BOT 0B :: RELAY do BOT srcSlot=10 -&gt; 1 humano(s)&#xD;
14:03:29.512 [DBG ] [udp] RX 14B de 127.0.0.1:41001: 0F03410000000A0A080001000001&#xD;
14:03:29.512 [OK  ] [udp] GAMEPLAY RX 14B type=0x030F de 127.0.0.1:41001 data=0F03410000000A0A080001000001&#xD;
14:03:29.512 [DBG ] [jornada] 0x030F KEYSTATE BOT 0B :: RELAY do BOT srcSlot=10 -&gt; 1 humano(s)&#xD;
14:03:29.635 [DBG ] [udp] RX 26B de 127.0.0.1:41001: 0A03430000000A64002A003BED00000000A6FF16000000000000&#xD;
14:03:29.635 [OK  ] [udp] GAMEPLAY RX 26B type=0x030A de 127.0.0.1:41001 data=0A03430000000A64002A003BED00000000A6FF16000000000000&#xD;
14:03:29.635 [DBG ] [jornada] 0x030A MOVE BOT 0B :: RELAY do BOT srcSlot=10 -&gt; 1 humano(s)&#xD;
14:03:29.635 [DBG ] [udp] RX 14B de 127.0.0.1:41001: 0F03440000000A0A080001000001&#xD;
14:03:29.635 [OK  ] [udp] GAMEPLAY RX 14B type=0x030F de 127.0.0.1:41001 data=0F03440000000A0A080001000001&#xD;
14:03:29.635 [DBG ] [jornada] 0x030F KEYSTATE BOT 0B :: RELAY do BOT srcSlot=10 -&gt; 1 humano(s)&#xD;
14:03:29.697 [OK  ] [bot] decis�o field 0 seat 10 [Normal]: OBJETIVO (alvo seat 0, rota wp 0/3, map 210, pos -48,0,0,0)&#xD;
14:03:29.760 [DBG ] [udp] RX 26B de 127.0.0.1:41001: 0A03460000000A64002A007DED00000000A6FF17000000000000&#xD;
14:03:29.760 [OK  ] [udp] GAMEPLAY RX 26B type=0x030A de 127.0.0.1:41001 data=0A03460000000A64002A007DED00000000A6FF17000000000000&#xD;
14:03:29.760 [DBG ] [jornada] 0x030A MOVE BOT 0B :: RELAY do BOT srcSlot=10 -&gt; 1 humano(s)&#xD;
14:03:29.760 [DBG ] [udp] RX 14B de 127.0.0.1:41001: 0F03470000000A0A080001000001&#xD;
14:03:29.760 [OK  ] [udp] GAMEPLAY RX 14B type=0x030F de 127.0.0.1:41001 data=0F03470000000A0A080001000001&#xD;
14:03:29.760 [DBG ] [jornada] 0x030F KEYSTATE BOT 0B :: RELAY do BOT srcSlot=10 -&gt; 1 humano(s)&#xD;
14:03:29.886 [DBG ] [udp] RX 26B de 127.0.0.1:41001: 0A03490000000A64002A00BFED00000000A6FF18000000000000&#xD;
14:03:29.886 [OK  ] [udp] GAMEPLAY RX 26B type=0x030A de 127.0.0.1:41001 data=0A03490000000A64002A00BFED00000000A6FF18000000000000&#xD;
14:03:29.886 [DBG ] [jornada] 0x030A MOVE BOT 0B :: RELAY do BOT srcSlot=10 -&gt; 1 humano(s)&#xD;
14:03:29.886 [DBG ] [udp] RX 14B de 127.0.0.1:41001: 0F034A0000000A0A080001000001&#xD;
14:03:29.886 [OK  ] [udp] GAMEPLAY RX 14B type=0x030F de 127.0.0.1:41001 data=0F034A0000000A0A080001000001&#xD;
14:03:29.886 [DBG ] [jornada] 0x030F KEYSTATE BOT 0B :: RELAY do BOT srcSlot=10 -&gt; 1 humano(s)&#xD;
14:03:29.947 [OK  ] [bot] decis�o field 0 seat 10 [Normal]: OBJETIVO (alvo seat 0, rota wp 0/3, map 210, pos -46,7,0,0)&#xD;
14:03:30.009 [DBG ] [udp] RX 26B de 127.0.0.1:41001: 0A034C0000000A64002A0001EE00000000A6FF19000000000000&#xD;
14:03:30.009 [OK  ] [udp] GAMEPLAY RX 26B type=0x030A de 127.0.0.1:41001 data=0A034C0000000A64002A0001EE00000000A6FF19000000000000&#xD;
14:03:30.009 [OK  ] [udp] 0x319 endpoint-register bot slot 10 -&gt; 127.0.0.1:59524 (destrava movimento)&#xD;
14:03:30.009 [DBG ] [jornada] 0x030A MOVE BOT 0B :: RELAY do BOT srcSlot=10 -&gt; 1 humano(s)&#xD;
14:03:30.009 [DBG ] [udp] RX 14B de 127.0.0.1:41001: 0F034D0000000A0A080001000001&#xD;
14:03:30.009 [OK  ] [udp] GAMEPLAY RX 14B type=0x030F de 127.0.0.1:41001 data=0F034D0000000A0A080001000001&#xD;
14:03:30.009 [DBG ] [jornada] 0x030F KEYSTATE BOT 0B :: RELAY do BOT srcSlot=10 -&gt; 1 humano(s)&#xD;
14:03:30.136 [DBG ] [udp] RX 26B de 127.0.0.1:41001: 0A034F0000000A64002A0043EE00000000A6FF1A000000000000&#xD;
14:03:30.136 [OK  ] [bot] map 210 | bot seat 10 pos=(-45,4,0,0,0,0) | alvo seat 0 pos=(0,0,0,0,0,0)&#xD;
14:03:30.136 [OK  ] [udp] GAMEPLAY RX 26B type=0x030A de 127.0.0.1:41001 data=0A034F0000000A64002A0043EE00000000A6FF1A000000000000&#xD;
14:03:30.136 [DBG ] [jornada] 0x030A MOVE BOT 0B :: RELAY do BOT srcSlot=10 -&gt; 1 humano(s)&#xD;
14:03:30.136 [DBG ] [udp] RX 14B de 127.0.0.1:41001: 0F03500000000A0A080001000001&#xD;
14:03:30.136 [OK  ] [udp] GAMEPLAY RX 14B type=0x030F de 127.0.0.1:41001 data=0F03500000000A0A080001000001&#xD;
14:03:30.136 [DBG ] [jornada] 0x030F KEYSTATE BOT 0B :: RELAY do BOT srcSlot=10 -&gt; 1 humano(s)&#xD;
14:03:30.196 [OK  ] [bot] decis�o field 0 seat 10 [Normal]: OBJETIVO (alvo seat 0, rota wp 0/3, map 210, pos -45,4,0,0)&#xD;
14:03:30.259 [DBG ] [udp] RX 26B de 127.0.0.1:41001: 0A03520000000A64002A0085EE00000000A6FF1B000000000000&#xD;
14:03:30.259 [OK  ] [udp] GAMEPLAY RX 26B type=0x030A de 127.0.0.1:41001 data=0A03520000000A64002A0085EE00000000A6FF1B000000000000&#xD;
14:03:30.259 [DBG ] [jornada] 0x030A MOVE BOT 0B :: RELAY do BOT srcSlot=10 -&gt; 1 humano(s)&#xD;
14:03:30.259 [DBG ] [udp] RX 14B de 127.0.0.1:41001: 0F03530000000A0A080001000001&#xD;
14:03:30.259 [OK  ] [udp] GAMEPLAY RX 14B type=0x030F de 127.0.0.1:41001 data=0F03530000000A0A080001000001&#xD;
14:03:30.259 [DBG ] [jornada] 0x030F KEYSTATE BOT 0B :: RELAY do BOT srcSlot=10 -&gt; 1 humano(s)&#xD;
14:03:30.381 [DBG ] [udp] RX 26B de 127.0.0.1:41001: 0A03550000000A64002A00C7EE00000000A6FF1C000000000000&#xD;
14:03:30.382 [OK  ] [udp] GAMEPLAY RX 26B type=0x030A de 127.0.0.1:41001 data=0A03550000000A64002A00C7EE00000000A6FF1C000000000000&#xD;
14:03:30.382 [DBG ] [jornada] 0x030A MOVE BOT 0B :: RELAY do BOT srcSlot=10 -&gt; 1 humano(s)&#xD;
14:03:30.382 [DBG ] [udp] RX 14B de 127.0.0.1:41001: 0F03560000000A0A080001000001&#xD;
14:03:30.382 [OK  ] [udp] GAMEPLAY RX 14B type=0x030F de 127.0.0.1:41001 data=0F03560000000A0A080001000001&#xD;
14:03:30.382 [DBG ] [jornada] 0x030F KEYSTATE BOT 0B :: RELAY do BOT srcSlot=10 -&gt; 1 humano(s)&#xD;
14:03:30.506 [OK  ] [bot] decis�o field 0 seat 10 [Normal]: OBJETIVO (alvo seat 0, rota wp 0/3, map 210, pos -44,1,0,0)&#xD;
14:03:30.506 [DBG ] [udp] RX 26B de 127.0.0.1:41001: 0A03580000000A64002A0009EF00000000A6FF1D000000000000&#xD;
14:03:30.506 [OK  ] [udp] GAMEPLAY RX 26B type=0x030A de 127.0.0.1:41001 data=0A03580000000A64002A0009EF00000000A6FF1D000000000000&#xD;
14:03:30.506 [DBG ] [jornada] 0x030A MOVE BOT 0B :: RELAY do BOT srcSlot=10 -&gt; 1 humano(s)&#xD;
14:03:30.506 [DBG ] [udp] RX 14B de 127.0.0.1:41001: 0F03590000000A0A080001000001&#xD;
14:03:30.506 [OK  ] [udp] GAMEPLAY RX 14B type=0x030F de 127.0.0.1:41001 data=0F03590000000A0A080001000001&#xD;
14:03:30.506 [DBG ] [jornada] 0x030F KEYSTATE BOT 0B :: RELAY do BOT srcSlot=10 -&gt; 1 humano(s)&#xD;
14:03:30.630 [DBG ] [udp] RX 26B de 127.0.0.1:41001: 0A035B0000000A64002A004BEF00000000A6FF1E000000000000&#xD;
14:03:30.630 [OK  ] [udp] GAMEPLAY RX 26B type=0x030A de 127.0.0.1:41001 data=0A035B0000000A64002A004BEF00000000A6FF1E000000000000&#xD;
14:03:30.630 [DBG ] [jornada] 0x030A MOVE BOT 0B :: RELAY do BOT srcSlot=10 -&gt; 1 humano(s)&#xD;
14:03:30.630 [DBG ] [udp] RX 14B de 127.0.0.1:41001: 0F035C0000000A0A080001000001&#xD;
14:03:30.630 [OK  ] [udp] GAMEPLAY RX 14B type=0x030F de 127.0.0.1:41001 data=0F035C0000000A0A080001000001&#xD;
14:03:30.630 [DBG ] [jornada] 0x030F KEYSTATE BOT 0B :: RELAY do BOT srcSlot=10 -&gt; 1 humano(s)&#xD;
14:03:30.752 [OK  ] [bot] decis�o field 0 seat 10 [Normal]: OBJETIVO (alvo seat 0, rota wp 0/3, map 210, pos -42,8,0,0)&#xD;
14:03:30.752 [DBG ] [udp] RX 26B de 127.0.0.1:41001: 0A035E0000000A64002A008DEF00000000A6FF1F000000000000&#xD;
14:03:30.753 [OK  ] [udp] GAMEPLAY RX 26B type=0x030A de 127.0.0.1:41001 data=0A035E0000000A64002A008DEF00000000A6FF1F000000000000&#xD;
14:03:30.753 [DBG ] [jornada] 0x030A MOVE BOT 0B :: RELAY do BOT srcSlot=10 -&gt; 1 humano(s)&#xD;
14:03:30.753 [DBG ] [udp] RX 14B de 127.0.0.1:41001: 0F035F0000000A0A080001000001&#xD;
14:03:30.753 [OK  ] [udp] GAMEPLAY RX 14B type=0x030F de 127.0.0.1:41001 data=0F035F0000000A0A080001000001&#xD;
14:03:30.753 [DBG ] [jornada] 0x030F KEYSTATE BOT 0B :: RELAY do BOT srcSlot=10 -&gt; 1 humano(s)&#xD;
14:03:30.875 [DBG ] [udp] RX 26B de 127.0.0.1:41001: 0A03610000000A64000A008DEF00000000A6FF20000000000000&#xD;
14:03:30.876 [OK  ] [udp] GAMEPLAY RX 26B type=0x030A de 127.0.0.1:41001 data=0A03610000000A64000A008DEF00000000A6FF20000000000000&#xD;
14:03:30.876 [DBG ] [jornada] 0x030A MOVE BOT 0B :: RELAY do BOT srcSlot=10 -&gt; 1 humano(s)&#xD;
14:03:30.876 [DBG ] [udp] RX 14B de 127.0.0.1:41001: 0F03620000000A0A080001000300&#xD;
14:03:30.876 [OK  ] [udp] GAMEPLAY RX 14B type=0x030F de 127.0.0.1:41001 data=0F03620000000A0A080001000300&#xD;
14:03:30.876 [DBG ] [jornada] 0x030F KEYSTATE BOT 0B :: RELAY do BOT srcSlot=10 -&gt; 1 humano(s)&#xD;
14:03:30.999 [OK  ] [bot] decis�o field 0 seat 10 [Normal]: OBJETIVO (alvo seat 0, rota wp 1/3, map 210, pos -42,1,0,0)&#xD;
14:03:30.999 [DBG ] [udp] RX 26B de 127.0.0.1:41001: 0A03640000000A64002A00CFEF00000000A6FF21000000000000&#xD;
14:03:30.999 [OK  ] [udp] GAMEPLAY RX 26B type=0x030A de 127.0.0.1:41001 data=0A03640000000A64002A00CFEF00000000A6FF21000000000000&#xD;
14:03:30.999 [DBG ] [jornada] 0x030A MOVE BOT 0B :: RELAY do BOT srcSlot=10 -&gt; 1 humano(s)&#xD;
14:03:30.999 [DBG ] [udp] RX 14B de 127.0.0.1:41001: 0F03650000000A0A080001000001&#xD;
14:03:30.999 [OK  ] [udp] GAMEPLAY RX 14B type=0x030F de 127.0.0.1:41001 data=0F03650000000A0A080001000001&#xD;
14:03:30.999 [DBG ] [jornada] 0x030F KEYSTATE BOT 0B :: RELAY do BOT srcSlot=10 -&gt; 1 humano(s)&#xD;
14:03:31.125 [DBG ] [udp] RX 26B de 127.0.0.1:41001: 0A03670000000A64002A0011F000000000A6FF22000000000000&#xD;
14:03:31.125 [OK  ] [udp] GAMEPLAY RX 26B type=0x030A de 127.0.0.1:41001 data=0A03670000000A64002A0011F000000000A6FF22000000000000&#xD;
14:03:31.125 [DBG ] [jornada] 0x030A MOVE BOT 0B :: RELAY do BOT srcSlot=10 -&gt; 1 humano(s)&#xD;
14:03:31.125 [DBG ] [udp] RX 14B de 127.0.0.1:41001: 0F03680000000A0A080001000001&#xD;
14:03:31.125 [OK  ] [udp] GAMEPLAY RX 14B type=0x030F de 127.0.0.1:41001 data=0F03680000000A0A080001000001&#xD;
14:03:31.125 [DBG ] [jornada] 0x030F KEYSTATE BOT 0B :: RELAY do BOT srcSlot=10 -&gt; 1 humano(s)&#xD;
14:03:31.248 [OK  ] [bot] decis�o field 0 seat 10 [Normal]: OBJETIVO (alvo seat 0, rota wp 1/3, map 210, pos -40,8,0,0)&#xD;
14:03:31.249 [DBG ] [udp] RX 26B de 127.0.0.1:41001: 0A036A0000000A64002A0053F000000000A6FF23000000000000&#xD;
14:03:31.249 [OK  ] [udp] GAMEPLAY RX 26B type=0x030A de 127.0.0.1:41001 data=0A036A0000000A64002A0053F000000000A6FF23000000000000&#xD;
14:03:31.249 [DBG ] [jornada] 0x030A MOVE BOT 0B :: RELAY do BOT srcSlot=10 -&gt; 1 humano(s)&#xD;
14:03:31.249 [DBG ] [udp] RX 14B de 127.0.0.1:41001: 0F036B0000000A0A080001000001&#xD;
14:03:31.249 [OK  ] [udp] GAMEPLAY RX 14B type=0x030F de 127.0.0.1:41001 data=0F036B0000000A0A080001000001&#xD;
14:03:31.249 [DBG ] [jornada] 0x030F KEYSTATE BOT 0B :: RELAY do BOT srcSlot=10 -&gt; 1 humano(s)&#xD;
14:03:31.372 [DBG ] [udp] RX 26B de 127.0.0.1:41001: 0A036D0000000A64002A0095F000000000A6FF24000000000000&#xD;
14:03:31.372 [OK  ] [udp] GAMEPLAY RX 26B type=0x030A de 127.0.0.1:41001 data=0A036D0000000A64002A0095F000000000A6FF24000000000000&#xD;
14:03:31.372 [DBG ] [jornada] 0x030A MOVE BOT 0B :: RELAY do BOT srcSlot=10 -&gt; 1 humano(s)&#xD;
14:03:31.372 [DBG ] [udp] RX 14B de 127.0.0.1:41001: 0F036E0000000A0A080001000001&#xD;
14:03:31.372 [OK  ] [udp] GAMEPLAY RX 14B type=0x030F de 127.0.0.1:41001 data=0F036E0000000A0A080001000001&#xD;
14:03:31.372 [DBG ] [jornada] 0x030F KEYSTATE BOT 0B :: RELAY do BOT srcSlot=10 -&gt; 1 humano(s)&#xD;
14:03:31.495 [OK  ] [bot] decis�o field 0 seat 10 [Normal]: OBJETIVO (alvo seat 0, rota wp 1/3, map 210, pos -39,5,0,0)&#xD;
14:03:31.495 [DBG ] [udp] RX 26B de 127.0.0.1:41001: 0A03700000000A64002A00D7F000000000A6FF25000000000000&#xD;
14:03:31.496 [OK  ] [udp] GAMEPLAY RX 26B type=0x030A de 127.0.0.1:41001 data=0A03700000000A64002A00D7F000000000A6FF25000000000000&#xD;
14:03:31.496 [DBG ] [jornada] 0x030A MOVE BOT 0B :: RELAY do BOT srcSlot=10 -&gt; 1 humano(s)&#xD;
14:03:31.496 [DBG ] [udp] RX 14B de 127.0.0.1:41001: 0F03710000000A0A080001000001&#xD;
14:03:31.496 [OK  ] [udp] GAMEPLAY RX 14B type=0x030F de 127.0.0.1:41001 data=0F03710000000A0A080001000001&#xD;
14:03:31.496 [DBG ] [jornada] 0x030F KEYSTATE BOT 0B :: RELAY do BOT srcSlot=10 -&gt; 1 humano(s)&#xD;
14:03:31.621 [DBG ] [udp] RX 26B de 127.0.0.1:41001: 0A03730000000A64002A0019F100000000A6FF26000000000000&#xD;
14:03:31.621 [OK  ] [udp] GAMEPLAY RX 26B type=0x030A de 127.0.0.1:41001 data=0A03730000000A64002A0019F100000000A6FF26000000000000&#xD;
14:03:31.621 [OK  ] [udp] 0x319 endpoint-register bot slot 10 -&gt; 127.0.0.1:59524 (destrava movimento)&#xD;
14:03:31.621 [DBG ] [jornada] 0x030A MOVE BOT 0B :: RELAY do BOT srcSlot=10 -&gt; 1 humano(s)&#xD;
14:03:31.621 [DBG ] [udp] RX 14B de 127.0.0.1:41001: 0F03740000000A0A080001000001&#xD;
14:03:31.621 [OK  ] [udp] GAMEPLAY RX 14B type=0x030F de 127.0.0.1:41001 data=0F03740000000A0A080001000001&#xD;
14:03:31.621 [DBG ] [jornada] 0x030F KEYSTATE BOT 0B :: RELAY do BOT srcSlot=10 -&gt; 1 humano(s)&#xD;
14:03:31.745 [OK  ] [bot] decis�o field 0 seat 10 [Normal]: OBJETIVO (alvo seat 0, rota wp 1/3, map 210, pos -38,2,0,0)&#xD;
14:03:31.745 [OK  ] [bot] map 210 | bot seat 10 pos=(-37,5,0,0,0,0) | alvo seat 0 pos=(0,0,0,0,0,0)&#xD;
14:03:31.745 [DBG ] [udp] RX 26B de 127.0.0.1:41001: 0A03760000000A64002A005BF100000000A6FF27000000000000&#xD;
14:03:31.745 [OK  ] [udp] GAMEPLAY RX 26B type=0x030A de 127.0.0.1:41001 data=0A03760000000A64002A005BF100000000A6FF27000000000000&#xD;
14:03:31.746 [DBG ] [jornada] 0x030A MOVE BOT 0B :: RELAY do BOT srcSlot=10 -&gt; 1 humano(s)&#xD;
14:03:31.746 [DBG ] [udp] RX 14B de 127.0.0.1:41001: 0F03770000000A0A080001000001&#xD;
14:03:31.746 [OK  ] [udp] GAMEPLAY RX 14B type=0x030F de 127.0.0.1:41001 data=0F03770000000A0A080001000001&#xD;
14:03:31.746 [DBG ] [jornada] 0x030F KEYSTATE BOT 0B :: RELAY do BOT srcSlot=10 -&gt; 1 humano(s)&#xD;
14:03:31.869 [DBG ] [udp] RX 26B de 127.0.0.1:41001: 0A03790000000A64002A009DF100000000A6FF28000000000000&#xD;
14:03:31.869 [OK  ] [udp] GAMEPLAY RX 26B type=0x030A de 127.0.0.1:41001 data=0A03790000000A64002A009DF100000000A6FF28000000000000&#xD;
14:03:31.869 [DBG ] [jornada] 0x030A MOVE BOT 0B :: RELAY do BOT srcSlot=10 -&gt; 1 humano(s)&#xD;
14:03:31.869 [DBG ] [udp] RX 14B de 127.0.0.1:41001: 0F037A0000000A0A080001000001&#xD;
14:03:31.869 [OK  ] [udp] GAMEPLAY RX 14B type=0x030F de 127.0.0.1:41001 data=0F037A0000000A0A080001000001&#xD;
14:03:31.869 [DBG ] [jornada] 0x030F KEYSTATE BOT 0B :: RELAY do BOT srcSlot=10 -&gt; 1 humano(s)&#xD;
14:03:31.937 [OK  ] [udp] gameplay UDP ouvindo na porta 57244&#xD;
14:03:31.939 [OK  ] [bot] [0] bot 'Rok' (lvl 5 cls 1 dif Normal) -&gt; field 0 seat 10 time 1&#xD;
14:03:31.939 [OK  ] [bot] roster: 0x38 member-join 'Rok' seat 10 (cls 1 lvl 5) -&gt; 0 humano(s)&#xD;
14:03:31.939 [OK  ] [field] field 0 round 1 iniciado (dur=300s mode=1)&#xD;
14:03:31.939 [DBG ] [tx] [0] FIELD msg=0x48 12B: 4800012F0100001414000000&#xD;
14:03:31.939 [OK  ] [bot] stage: 0x4b AddPlayer seat 10 (cls 1 lvl 5) -&gt; 0 humano(s)&#xD;
14:03:31.939 [OK  ] [bot] alive-flag=1 seat 10 (0x830c kind 0x2a)&#xD;
14:03:31.939 [DBG ] [udp] RX 23B de 127.0.0.1:41002: 0C83000000000A0A010A002A0091010400000001000000&#xD;
14:03:31.939 [OK  ] [udp] GAMEPLAY RX 23B type=0x830C de 127.0.0.1:41002 data=0C83000000000A0A010A002A0091010400000001000000&#xD;
14:03:31.939 [OK  ] [udp] 0x319 endpoint-register bot slot 10 -&gt; 127.0.0.1:57245 (destrava movimento)&#xD;
14:03:31.939 [OK  ] [jornada] 0x830C ALIVE/ANCHOR de 127.0.0.1:41002 (BOT) :: RELAY do BOT srcSlot=10 -&gt; 1 humano(s)&#xD;
14:03:31.939 [DBG ] [udp] RX 10B de 127.0.0.1:45999: 1103010000000A0A0004&#xD;
14:03:31.939 [OK  ] [jornada] 0x0311 ATAQUE de 127.0.0.1:45999 (BOT) :: ATAQUE do BOT srcSlot=10 -&gt; RELAY a 1 humano(s) (alvo prev� pr�pria morte)&#xD;
[xUnit.net 00:00:05.84]   Finished:    RakionServer.World.Tests&#xD;
</StdOut>
    </Output>
  </ResultSummary>
</TestRun>